#
# There is insufficient memory for the Java Runtime Environment to continue.
# Native memory allocation (malloc) failed to allocate 66060288 bytes for committing reserved memory.
# Possible reasons:
#   The system is out of physical RAM or swap space
#   In 32 bit mode, the process size limit was hit
# Possible solutions:
#   Reduce memory load on the system
#   Increase physical memory or swap space
#   Check if swap backing store is full
#   Use 64 bit Java on a 64 bit OS
#   Decrease Java heap size (-Xmx/-Xms)
#   Decrease number of Java threads
#   Decrease Java thread stack sizes (-Xss)
#   Set larger code cache with -XX:ReservedCodeCacheSize=
# This output file may be truncated or incomplete.
#
#  Out of Memory Error (os_linux.cpp:2809), pid=19342, tid=140489717028608
#
# JRE version: OpenJDK Runtime Environment (7.0_79-b14) (build 1.7.0_79-b14)
# Java VM: OpenJDK 64-Bit Server VM (24.79-b02 mixed mode linux-amd64 compressed oops)
# Derivative: IcedTea 2.5.5
# Distribution: Ubuntu 14.04 LTS, package 7u79-2.5.5-0ubuntu0.14.04.2
# Failed to write core dump. Core dumps have been disabled. To enable core dumping, try "ulimit -c unlimited" before starting Java again
#

---------------  T H R E A D  ---------------

Current thread (0x00007fc658077000):  VMThread [stack: 0x00007fc64f9d9000,0x00007fc64fada000] [id=19352]

Stack: [0x00007fc64f9d9000,0x00007fc64fada000],  sp=0x00007fc64fad8490,  free space=1021k
Native frames: (J=compiled Java code, j=interpreted, Vv=VM code, C=native code)
V  [libjvm.so+0x94aec5]  VMError::report_and_die()+0x175
V  [libjvm.so+0x48b9c4]  report_vm_out_of_memory(char const*, int, unsigned long, char const*)+0x74
V  [libjvm.so+0x7c806b]  os::pd_commit_memory(char*, unsigned long, unsigned long, bool)+0xeb
V  [libjvm.so+0x7c2b0f]  os::commit_memory(char*, unsigned long, unsigned long, bool)+0x1f
V  [libjvm.so+0x83500b]  PSVirtualSpace::expand_by(unsigned long)+0x5b
V  [libjvm.so+0x835e60]  PSYoungGen::resize_generation(unsigned long, unsigned long)+0xb0
V  [libjvm.so+0x83654b]  PSYoungGen::resize(unsigned long, unsigned long)+0x1b
V  [libjvm.so+0x832830]  PSScavenge::invoke_no_policy()+0xde0
V  [libjvm.so+0x833008]  PSScavenge::invoke()+0x38
V  [libjvm.so+0x7e96f3]  ParallelScavengeHeap::failed_mem_allocate(unsigned long)+0x63
V  [libjvm.so+0x94c8c4]  VM_ParallelGCFailedAllocation::doit()+0x84
V  [libjvm.so+0x950dc7]  VM_Operation::evaluate()+0x47
V  [libjvm.so+0x94f738]  VMThread::evaluate_operation(VM_Operation*)+0x318
V  [libjvm.so+0x94fb99]  VMThread::loop()+0x219
V  [libjvm.so+0x94ffe2]  VMThread::run()+0x72
V  [libjvm.so+0x7c4f32]  java_start(Thread*)+0xf2

VM_Operation (0x00007fc6621e8aa0): ParallelGCFailedAllocation, mode: safepoint, requested by thread 0x00007fc65800b800


---------------  P R O C E S S  ---------------

Java Threads: ( => current thread )
  0x00007fc6580b0000 JavaThread "Service Thread" daemon [_thread_blocked, id=19358, stack(0x00007fc64f105000,0x00007fc64f206000)]
  0x00007fc6580ad800 JavaThread "C2 CompilerThread1" daemon [_thread_blocked, id=19357, stack(0x00007fc64f206000,0x00007fc64f307000)]
  0x00007fc6580aa800 JavaThread "C2 CompilerThread0" daemon [_thread_blocked, id=19356, stack(0x00007fc64f307000,0x00007fc64f408000)]
  0x00007fc6580a8800 JavaThread "Signal Dispatcher" daemon [_thread_blocked, id=19355, stack(0x00007fc64f408000,0x00007fc64f509000)]
  0x00007fc65807d800 JavaThread "Finalizer" daemon [_thread_blocked, id=19354, stack(0x00007fc64f7d7000,0x00007fc64f8d8000)]
  0x00007fc65807b800 JavaThread "Reference Handler" daemon [_thread_blocked, id=19353, stack(0x00007fc64f8d8000,0x00007fc64f9d9000)]
  0x00007fc65800b800 JavaThread "main" [_thread_blocked, id=19347, stack(0x00007fc6620ea000,0x00007fc6621eb000)]

Other Threads:
=>0x00007fc658077000 VMThread [stack: 0x00007fc64f9d9000,0x00007fc64fada000] [id=19352]
  0x00007fc6580ba800 WatcherThread [stack: 0x00007fc64f004000,0x00007fc64f105000] [id=19359]

VM state:at safepoint (normal execution)

VM Mutex/Monitor currently owned by a thread:  ([mutex/lock_event])
[0x00007fc658007cf0] Threads_lock - owner thread: 0x00007fc658077000
[0x00007fc6580081f0] Heap_lock - owner thread: 0x00007fc65800b800

Heap
 PSYoungGen      total 69632K, used 5113K [0x00000000eaa80000, 0x00000000ef380000, 0x0000000100000000)
  eden space 64512K, 0% used [0x00000000eaa80000,0x00000000eaa80000,0x00000000ee980000)
  from space 5120K, 99% used [0x00000000ee980000,0x00000000eee7e4c8,0x00000000eee80000)
  to   space 5120K, 0% used [0x00000000eee80000,0x00000000eee80000,0x00000000ef380000)
 ParOldGen       total 84480K, used 15908K [0x00000000c0000000, 0x00000000c5280000, 0x00000000eaa80000)
  object space 84480K, 18% used [0x00000000c0000000,0x00000000c0f89350,0x00000000c5280000)
 PSPermGen       total 21504K, used 6937K [0x00000000b5a00000, 0x00000000b6f00000, 0x00000000c0000000)
  object space 21504K, 32% used [0x00000000b5a00000,0x00000000b60c6778,0x00000000b6f00000)

Card table byte_map: [0x00007fc65eadf000,0x00007fc65ed33000] byte_map_base: 0x00007fc65e532000

Polling page: 0x00007fc662210000

Code Cache  [0x00007fc655000000, 0x00007fc655270000, 0x00007fc658000000)
 total_blobs=916 nmethods=681 adapters=188 free_code_cache=46736Kb largest_free_block=47818240

Compilation events (10 events):
Event: 3,329 Thread 0x00007fc6580ad800 nmethod 676 0x00007fc65525fa10 code [0x00007fc65525fb60, 0x00007fc65525fbf8]
Event: 3,329 Thread 0x00007fc6580aa800 nmethod 677 0x00007fc65525c650 code [0x00007fc65525c780, 0x00007fc65525c7f8]
Event: 3,329 Thread 0x00007fc6580ad800  678             com.android.dex.EncodedValueCodec::readSignedInt (44 bytes)
Event: 3,331 Thread 0x00007fc6580aa800  679             com.android.dex.util.ByteArrayByteInput::readByte (17 bytes)
Event: 3,331 Thread 0x00007fc6580aa800 nmethod 679 0x00007fc65525f750 code [0x00007fc65525f8a0, 0x00007fc65525f938]
Event: 3,331 Thread 0x00007fc6580aa800  680             com.android.dex.EncodedValueReader::peek (46 bytes)
Event: 3,333 Thread 0x00007fc6580aa800 nmethod 680 0x00007fc655262190 code [0x00007fc655262300, 0x00007fc6552624b8]
Event: 3,335 Thread 0x00007fc6580ad800 nmethod 678 0x00007fc655261c10 code [0x00007fc655261d60, 0x00007fc655262078]
Event: 3,347 Thread 0x00007fc6580aa800  681             java.lang.AbstractStringBuilder::<init> (12 bytes)
Event: 3,348 Thread 0x00007fc6580aa800 nmethod 681 0x00007fc6552614d0 code [0x00007fc655261620, 0x00007fc655261738]

GC Heap History (5 events):
Event: 1,159 GC heap before
{Heap before GC invocations=1 (full 0):
 PSYoungGen      total 37376K, used 32256K [0x00000000eaa80000, 0x00000000ed400000, 0x0000000100000000)
  eden space 32256K, 100% used [0x00000000eaa80000,0x00000000eca00000,0x00000000eca00000)
  from space 5120K, 0% used [0x00000000ecf00000,0x00000000ecf00000,0x00000000ed400000)
  to   space 5120K, 0% used [0x00000000eca00000,0x00000000eca00000,0x00000000ecf00000)
 ParOldGen       total 84480K, used 0K [0x00000000c0000000, 0x00000000c5280000, 0x00000000eaa80000)
  object space 84480K, 0% used [0x00000000c0000000,0x00000000c0000000,0x00000000c5280000)
 PSPermGen       total 21504K, used 5226K [0x00000000b5a00000, 0x00000000b6f00000, 0x00000000c0000000)
  object space 21504K, 24% used [0x00000000b5a00000,0x00000000b5f1aba0,0x00000000b6f00000)
Event: 1,176 GC heap after
Heap after GC invocations=1 (full 0):
 PSYoungGen      total 37376K, used 5110K [0x00000000eaa80000, 0x00000000ef380000, 0x0000000100000000)
  eden space 32256K, 0% used [0x00000000eaa80000,0x00000000eaa80000,0x00000000eca00000)
  from space 5120K, 99% used [0x00000000eca00000,0x00000000ecefda50,0x00000000ecf00000)
  to   space 5120K, 0% used [0x00000000eee80000,0x00000000eee80000,0x00000000ef380000)
 ParOldGen       total 84480K, used 863K [0x00000000c0000000, 0x00000000c5280000, 0x00000000eaa80000)
  object space 84480K, 1% used [0x00000000c0000000,0x00000000c00d7f58,0x00000000c5280000)
 PSPermGen       total 21504K, used 5226K [0x00000000b5a00000, 0x00000000b6f00000, 0x00000000c0000000)
  object space 21504K, 24% used [0x00000000b5a00000,0x00000000b5f1aba0,0x00000000b6f00000)
}
Event: 1,873 GC heap before
{Heap before GC invocations=2 (full 0):
 PSYoungGen      total 37376K, used 37366K [0x00000000eaa80000, 0x00000000ef380000, 0x0000000100000000)
  eden space 32256K, 100% used [0x00000000eaa80000,0x00000000eca00000,0x00000000eca00000)
  from space 5120K, 99% used [0x00000000eca00000,0x00000000ecefda50,0x00000000ecf00000)
  to   space 5120K, 0% used [0x00000000eee80000,0x00000000eee80000,0x00000000ef380000)
 ParOldGen       total 84480K, used 863K [0x00000000c0000000, 0x00000000c5280000, 0x00000000eaa80000)
  object space 84480K, 1% used [0x00000000c0000000,0x00000000c00d7f58,0x00000000c5280000)
 PSPermGen       total 21504K, used 5353K [0x00000000b5a00000, 0x00000000b6f00000, 0x00000000c0000000)
  object space 21504K, 24% used [0x00000000b5a00000,0x00000000b5f3a580,0x00000000b6f00000)
Event: 1,887 GC heap after
Heap after GC invocations=2 (full 0):
 PSYoungGen      total 69632K, used 5104K [0x00000000eaa80000, 0x00000000ef380000, 0x0000000100000000)
  eden space 64512K, 0% used [0x00000000eaa80000,0x00000000eaa80000,0x00000000ee980000)
  from space 5120K, 99% used [0x00000000eee80000,0x00000000ef37c2f8,0x00000000ef380000)
  to   space 5120K, 0% used [0x00000000ee980000,0x00000000ee980000,0x00000000eee80000)
 ParOldGen       total 84480K, used 4883K [0x00000000c0000000, 0x00000000c5280000, 0x00000000eaa80000)
  object space 84480K, 5% used [0x00000000c0000000,0x00000000c04c4ea8,0x00000000c5280000)
 PSPermGen       total 21504K, used 5353K [0x00000000b5a00000, 0x00000000b6f00000, 0x00000000c0000000)
  object space 21504K, 24% used [0x00000000b5a00000,0x00000000b5f3a580,0x00000000b6f00000)
}
Event: 3,353 GC heap before
{Heap before GC invocations=3 (full 0):
 PSYoungGen      total 69632K, used 69616K [0x00000000eaa80000, 0x00000000ef380000, 0x0000000100000000)
  eden space 64512K, 100% used [0x00000000eaa80000,0x00000000ee980000,0x00000000ee980000)
  from space 5120K, 99% used [0x00000000eee80000,0x00000000ef37c2f8,0x00000000ef380000)
  to   space 5120K, 0% used [0x00000000ee980000,0x00000000ee980000,0x00000000eee80000)
 ParOldGen       total 84480K, used 4883K [0x00000000c0000000, 0x00000000c5280000, 0x00000000eaa80000)
  object space 84480K, 5% used [0x00000000c0000000,0x00000000c04c4ea8,0x00000000c5280000)
 PSPermGen       total 21504K, used 6937K [0x00000000b5a00000, 0x00000000b6f00000, 0x00000000c0000000)
  object space 21504K, 32% used [0x00000000b5a00000,0x00000000b60c6778,0x00000000b6f00000)

Deoptimization events (10 events):
Event: 3,053 Thread 0x00007fc65800b800 Uncommon trap: reason=unreached action=reinterpret pc=0x00007fc6551f9864 method=com.android.dx.dex.code.LocalList$MakeState.filterSpec(Lcom/android/dx/rop/code/RegisterSpec;)Lcom/android/dx/rop/code/RegisterSpec; @ 11
Event: 3,053 Thread 0x00007fc65800b800 Uncommon trap: reason=unreached action=reinterpret pc=0x00007fc6551fcb2c method=com.android.dx.dex.code.LocalList$MakeState.filterSpec(Lcom/android/dx/rop/code/RegisterSpec;)Lcom/android/dx/rop/code/RegisterSpec; @ 11
Event: 3,195 Thread 0x00007fc65800b800 Uncommon trap: reason=unreached action=reinterpret pc=0x00007fc6550c0244 method=java.util.Arrays.copyOf([Ljava/lang/Object;ILjava/lang/Class;)[Ljava/lang/Object; @ 4
Event: 3,201 Thread 0x00007fc65800b800 Uncommon trap: reason=class_check action=maybe_recompile pc=0x00007fc6550eb3e4 method=java.util.HashMap.<init>(IF)V @ 115
Event: 3,202 Thread 0x00007fc65800b800 Uncommon trap: reason=class_check action=maybe_recompile pc=0x00007fc6550eb3e4 method=java.util.HashMap.<init>(IF)V @ 115
Event: 3,239 Thread 0x00007fc65800b800 Uncommon trap: reason=class_check action=maybe_recompile pc=0x00007fc65524dbf8 method=com.android.dex.Leb128.writeUnsignedLeb128(Lcom/android/dex/util/ByteOutput;I)V @ 40
Event: 3,239 Thread 0x00007fc65800b800 Uncommon trap: reason=class_check action=maybe_recompile pc=0x00007fc65524dbf8 method=com.android.dex.Leb128.writeUnsignedLeb128(Lcom/android/dex/util/ByteOutput;I)V @ 40
Event: 3,239 Thread 0x00007fc65800b800 Uncommon trap: reason=class_check action=maybe_recompile pc=0x00007fc65524dbf8 method=com.android.dex.Leb128.writeUnsignedLeb128(Lcom/android/dex/util/ByteOutput;I)V @ 40
Event: 3,239 Thread 0x00007fc65800b800 Uncommon trap: reason=class_check action=maybe_recompile pc=0x00007fc65524dbf8 method=com.android.dex.Leb128.writeUnsignedLeb128(Lcom/android/dex/util/ByteOutput;I)V @ 40
Event: 3,339 Thread 0x00007fc65800b800 Uncommon trap: reason=predicate action=maybe_recompile pc=0x00007fc65525791c method=com.android.dex.Leb128.writeUnsignedLeb128(Lcom/android/dex/util/ByteOutput;I)V @ 9

Internal exceptions (10 events):
Event: 3,350 Thread 0x00007fc65800b800 Threw 0x00000000ee94f970 at /build/buildd/openjdk-7-7u79-2.5.5/build/openjdk/hotspot/src/share/vm/prims/jvm.cpp:1284
Event: 3,350 Thread 0x00007fc65800b800 Threw 0x00000000ee9532b8 at /build/buildd/openjdk-7-7u79-2.5.5/build/openjdk/hotspot/src/share/vm/prims/jvm.cpp:1284
Event: 3,350 Thread 0x00007fc65800b800 Threw 0x00000000ee956d50 at /build/buildd/openjdk-7-7u79-2.5.5/build/openjdk/hotspot/src/share/vm/prims/jvm.cpp:1284
Event: 3,350 Thread 0x00007fc65800b800 Threw 0x00000000ee95a910 at /build/buildd/openjdk-7-7u79-2.5.5/build/openjdk/hotspot/src/share/vm/prims/jvm.cpp:1284
Event: 3,351 Thread 0x00007fc65800b800 Threw 0x00000000ee95e618 at /build/buildd/openjdk-7-7u79-2.5.5/build/openjdk/hotspot/src/share/vm/prims/jvm.cpp:1284
Event: 3,351 Thread 0x00007fc65800b800 Threw 0x00000000ee962380 at /build/buildd/openjdk-7-7u79-2.5.5/build/openjdk/hotspot/src/share/vm/prims/jvm.cpp:1284
Event: 3,352 Thread 0x00007fc65800b800 Threw 0x00000000ee9669e8 at /build/buildd/openjdk-7-7u79-2.5.5/build/openjdk/hotspot/src/share/vm/prims/jvm.cpp:1284
Event: 3,352 Thread 0x00007fc65800b800 Threw 0x00000000ee96a580 at /build/buildd/openjdk-7-7u79-2.5.5/build/openjdk/hotspot/src/share/vm/prims/jvm.cpp:1284
Event: 3,352 Thread 0x00007fc65800b800 Threw 0x00000000ee96e310 at /build/buildd/openjdk-7-7u79-2.5.5/build/openjdk/hotspot/src/share/vm/prims/jvm.cpp:1284
Event: 3,352 Thread 0x00007fc65800b800 Threw 0x00000000ee971df0 at /build/buildd/openjdk-7-7u79-2.5.5/build/openjdk/hotspot/src/share/vm/prims/jvm.cpp:1284

Events (10 events):
Event: 3,351 loading class 0x00007fc6582aef70 done
Event: 3,352 loading class 0x00007fc6582b04a0
Event: 3,352 loading class 0x00007fc6582b04a0 done
Event: 3,352 loading class 0x00007fc6582ab760
Event: 3,352 loading class 0x00007fc6582ab760 done
Event: 3,352 loading class 0x00007fc6582ab870
Event: 3,352 loading class 0x00007fc6582ab870 done
Event: 3,352 loading class 0x00007fc6582a2900
Event: 3,352 loading class 0x00007fc6582a2900 done
Event: 3,353 Executing VM operation: ParallelGCFailedAllocation


Dynamic libraries:
00400000-00401000 r-xp 00000000 08:04 2621774                            /usr/lib/jvm/java-7-openjdk-amd64/jre/bin/java
00600000-00601000 r--p 00000000 08:04 2621774                            /usr/lib/jvm/java-7-openjdk-amd64/jre/bin/java
00601000-00602000 rw-p 00001000 08:04 2621774                            /usr/lib/jvm/java-7-openjdk-amd64/jre/bin/java
00e6c000-00e8d000 rw-p 00000000 00:00 0                                  [heap]
b5a00000-b6f00000 rw-p 00000000 00:00 0 
b6f00000-c0000000 rw-p 00000000 00:00 0 
c0000000-c5280000 rw-p 00000000 00:00 0 
c5280000-eaa80000 rw-p 00000000 00:00 0 
eaa80000-ef380000 rw-p 00000000 00:00 0 
f3280000-100000000 rw-p 00000000 00:00 0 
7fc620000000-7fc620021000 rw-p 00000000 00:00 0 
7fc620021000-7fc624000000 ---p 00000000 00:00 0 
7fc624000000-7fc624021000 rw-p 00000000 00:00 0 
7fc624021000-7fc628000000 ---p 00000000 00:00 0 
7fc628000000-7fc628cb2000 rw-p 00000000 00:00 0 
7fc628cb2000-7fc62c000000 ---p 00000000 00:00 0 
7fc62c000000-7fc62cfb5000 rw-p 00000000 00:00 0 
7fc62cfb5000-7fc630000000 ---p 00000000 00:00 0 
7fc630000000-7fc630021000 rw-p 00000000 00:00 0 
7fc630021000-7fc634000000 ---p 00000000 00:00 0 
7fc634000000-7fc634021000 rw-p 00000000 00:00 0 
7fc634021000-7fc638000000 ---p 00000000 00:00 0 
7fc638000000-7fc6380e3000 rw-p 00000000 00:00 0 
7fc6380e3000-7fc63c000000 ---p 00000000 00:00 0 
7fc63c000000-7fc63c021000 rw-p 00000000 00:00 0 
7fc63c021000-7fc640000000 ---p 00000000 00:00 0 
7fc640000000-7fc640021000 rw-p 00000000 00:00 0 
7fc640021000-7fc644000000 ---p 00000000 00:00 0 
7fc644000000-7fc644021000 rw-p 00000000 00:00 0 
7fc644021000-7fc648000000 ---p 00000000 00:00 0 
7fc648000000-7fc648021000 rw-p 00000000 00:00 0 
7fc648021000-7fc64c000000 ---p 00000000 00:00 0 
7fc64d6de000-7fc64d83f000 rw-p 00000000 00:00 0 
7fc64d83f000-7fc64d865000 r--p 00000000 08:04 3031765                    /usr/share/locale-langpack/fr/LC_MESSAGES/libc.mo
7fc64d865000-7fc64d8a2000 r-xp 00000000 08:04 1052899                    /lib/x86_64-linux-gnu/libpcre.so.3.13.1
7fc64d8a2000-7fc64daa1000 ---p 0003d000 08:04 1052899                    /lib/x86_64-linux-gnu/libpcre.so.3.13.1
7fc64daa1000-7fc64daa2000 r--p 0003c000 08:04 1052899                    /lib/x86_64-linux-gnu/libpcre.so.3.13.1
7fc64daa2000-7fc64daa3000 rw-p 0003d000 08:04 1052899                    /lib/x86_64-linux-gnu/libpcre.so.3.13.1
7fc64daa3000-7fc64daaa000 r-xp 00000000 08:04 2499335                    /usr/lib/x86_64-linux-gnu/libffi.so.6.0.1
7fc64daaa000-7fc64dca9000 ---p 00007000 08:04 2499335                    /usr/lib/x86_64-linux-gnu/libffi.so.6.0.1
7fc64dca9000-7fc64dcaa000 r--p 00006000 08:04 2499335                    /usr/lib/x86_64-linux-gnu/libffi.so.6.0.1
7fc64dcaa000-7fc64dcab000 rw-p 00007000 08:04 2499335                    /usr/lib/x86_64-linux-gnu/libffi.so.6.0.1
7fc64dcab000-7fc64dcc2000 r-xp 00000000 08:04 1048591                    /lib/x86_64-linux-gnu/libresolv-2.19.so
7fc64dcc2000-7fc64dec2000 ---p 00017000 08:04 1048591                    /lib/x86_64-linux-gnu/libresolv-2.19.so
7fc64dec2000-7fc64dec3000 r--p 00017000 08:04 1048591                    /lib/x86_64-linux-gnu/libresolv-2.19.so
7fc64dec3000-7fc64dec4000 rw-p 00018000 08:04 1048591                    /lib/x86_64-linux-gnu/libresolv-2.19.so
7fc64dec4000-7fc64dec6000 rw-p 00000000 00:00 0 
7fc64dec6000-7fc64dee6000 r-xp 00000000 08:04 1052926                    /lib/x86_64-linux-gnu/libselinux.so.1
7fc64dee6000-7fc64e0e5000 ---p 00020000 08:04 1052926                    /lib/x86_64-linux-gnu/libselinux.so.1
7fc64e0e5000-7fc64e0e6000 r--p 0001f000 08:04 1052926                    /lib/x86_64-linux-gnu/libselinux.so.1
7fc64e0e6000-7fc64e0e7000 rw-p 00020000 08:04 1052926                    /lib/x86_64-linux-gnu/libselinux.so.1
7fc64e0e7000-7fc64e0e9000 rw-p 00000000 00:00 0 
7fc64e0e9000-7fc64e0ec000 r-xp 00000000 08:04 2499469                    /usr/lib/x86_64-linux-gnu/libgmodule-2.0.so.0.4002.0
7fc64e0ec000-7fc64e2eb000 ---p 00003000 08:04 2499469                    /usr/lib/x86_64-linux-gnu/libgmodule-2.0.so.0.4002.0
7fc64e2eb000-7fc64e2ec000 r--p 00002000 08:04 2499469                    /usr/lib/x86_64-linux-gnu/libgmodule-2.0.so.0.4002.0
7fc64e2ec000-7fc64e2ed000 rw-p 00003000 08:04 2499469                    /usr/lib/x86_64-linux-gnu/libgmodule-2.0.so.0.4002.0
7fc64e2ed000-7fc64e3f3000 r-xp 00000000 08:04 1052826                    /lib/x86_64-linux-gnu/libglib-2.0.so.0.4002.0
7fc64e3f3000-7fc64e5f2000 ---p 00106000 08:04 1052826                    /lib/x86_64-linux-gnu/libglib-2.0.so.0.4002.0
7fc64e5f2000-7fc64e5f3000 r--p 00105000 08:04 1052826                    /lib/x86_64-linux-gnu/libglib-2.0.so.0.4002.0
7fc64e5f3000-7fc64e5f4000 rw-p 00106000 08:04 1052826                    /lib/x86_64-linux-gnu/libglib-2.0.so.0.4002.0
7fc64e5f4000-7fc64e5f5000 rw-p 00000000 00:00 0 
7fc64e5f5000-7fc64e644000 r-xp 00000000 08:04 2499493                    /usr/lib/x86_64-linux-gnu/libgobject-2.0.so.0.4002.0
7fc64e644000-7fc64e844000 ---p 0004f000 08:04 2499493                    /usr/lib/x86_64-linux-gnu/libgobject-2.0.so.0.4002.0
7fc64e844000-7fc64e845000 r--p 0004f000 08:04 2499493                    /usr/lib/x86_64-linux-gnu/libgobject-2.0.so.0.4002.0
7fc64e845000-7fc64e846000 rw-p 00050000 08:04 2499493                    /usr/lib/x86_64-linux-gnu/libgobject-2.0.so.0.4002.0
7fc64e846000-7fc64e9b2000 r-xp 00000000 08:04 2499453                    /usr/lib/x86_64-linux-gnu/libgio-2.0.so.0.4002.0
7fc64e9b2000-7fc64ebb1000 ---p 0016c000 08:04 2499453                    /usr/lib/x86_64-linux-gnu/libgio-2.0.so.0.4002.0
7fc64ebb1000-7fc64ebb5000 r--p 0016b000 08:04 2499453                    /usr/lib/x86_64-linux-gnu/libgio-2.0.so.0.4002.0
7fc64ebb5000-7fc64ebb7000 rw-p 0016f000 08:04 2499453                    /usr/lib/x86_64-linux-gnu/libgio-2.0.so.0.4002.0
7fc64ebb7000-7fc64ebb9000 rw-p 00000000 00:00 0 
7fc64ebda000-7fc64ebf1000 r-xp 00000000 08:04 2622011                    /usr/lib/jvm/java-7-openjdk-amd64/jre/lib/amd64/libnet.so
7fc64ebf1000-7fc64edf0000 ---p 00017000 08:04 2622011                    /usr/lib/jvm/java-7-openjdk-amd64/jre/lib/amd64/libnet.so
7fc64edf0000-7fc64edf1000 r--p 00016000 08:04 2622011                    /usr/lib/jvm/java-7-openjdk-amd64/jre/lib/amd64/libnet.so
7fc64edf1000-7fc64edf2000 rw-p 00017000 08:04 2622011                    /usr/lib/jvm/java-7-openjdk-amd64/jre/lib/amd64/libnet.so
7fc64edf2000-7fc64ee02000 r-xp 00000000 08:04 2621994                    /usr/lib/jvm/java-7-openjdk-amd64/jre/lib/amd64/libnio.so
7fc64ee02000-7fc64f002000 ---p 00010000 08:04 2621994                    /usr/lib/jvm/java-7-openjdk-amd64/jre/lib/amd64/libnio.so
7fc64f002000-7fc64f003000 r--p 00010000 08:04 2621994                    /usr/lib/jvm/java-7-openjdk-amd64/jre/lib/amd64/libnio.so
7fc64f003000-7fc64f004000 rw-p 00011000 08:04 2621994                    /usr/lib/jvm/java-7-openjdk-amd64/jre/lib/amd64/libnio.so
7fc64f004000-7fc64f005000 ---p 00000000 00:00 0 
7fc64f005000-7fc64f105000 rw-p 00000000 00:00 0                          [stack:19359]
7fc64f105000-7fc64f108000 ---p 00000000 00:00 0 
7fc64f108000-7fc64f206000 rw-p 00000000 00:00 0                          [stack:19358]
7fc64f206000-7fc64f209000 ---p 00000000 00:00 0 
7fc64f209000-7fc64f307000 rw-p 00000000 00:00 0                          [stack:19357]
7fc64f307000-7fc64f30a000 ---p 00000000 00:00 0 
7fc64f30a000-7fc64f408000 rw-p 00000000 00:00 0                          [stack:19356]
7fc64f408000-7fc64f40b000 ---p 00000000 00:00 0 
7fc64f40b000-7fc64f509000 rw-p 00000000 00:00 0                          [stack:19355]
7fc64f509000-7fc64f7d7000 r--p 00000000 08:04 2497497                    /usr/lib/locale/locale-archive
7fc64f7d7000-7fc64f7da000 ---p 00000000 00:00 0 
7fc64f7da000-7fc64f8d8000 rw-p 00000000 00:00 0                          [stack:19354]
7fc64f8d8000-7fc64f8db000 ---p 00000000 00:00 0 
7fc64f8db000-7fc64f9d9000 rw-p 00000000 00:00 0                          [stack:19353]
7fc64f9d9000-7fc64f9da000 ---p 00000000 00:00 0 
7fc64f9da000-7fc650000000 rw-p 00000000 00:00 0                          [stack:19352]
7fc650000000-7fc650021000 rw-p 00000000 00:00 0 
7fc650021000-7fc654000000 ---p 00000000 00:00 0 
7fc65400d000-7fc654014000 r--s 00000000 08:04 2895945                    /usr/lib/x86_64-linux-gnu/gconv/gconv-modules.cache
7fc654014000-7fc654aeb000 rw-p 00000000 00:00 0 
7fc654aeb000-7fc654c9c000 r--s 01d27000 08:04 2622651                    /usr/lib/jvm/java-7-openjdk-amd64/jre/lib/rt.jar
7fc654c9c000-7fc655000000 rw-p 00000000 00:00 0 
7fc655000000-7fc655270000 rwxp 00000000 00:00 0 
7fc655270000-7fc6582b6000 rw-p 00000000 00:00 0 
7fc6582b6000-7fc65c000000 ---p 00000000 00:00 0 
7fc65c002000-7fc65e532000 rw-p 00000000 00:00 0 
7fc65e532000-7fc65e533000 ---p 00000000 00:00 0 
7fc65e533000-7fc65e633000 rw-p 00000000 00:00 0                          [stack:19351]
7fc65e633000-7fc65e634000 ---p 00000000 00:00 0 
7fc65e634000-7fc65e734000 rw-p 00000000 00:00 0                          [stack:19350]
7fc65e734000-7fc65e735000 ---p 00000000 00:00 0 
7fc65e735000-7fc65e835000 rw-p 00000000 00:00 0                          [stack:19349]
7fc65e835000-7fc65e836000 ---p 00000000 00:00 0 
7fc65e836000-7fc65e941000 rw-p 00000000 00:00 0                          [stack:19348]
7fc65e941000-7fc65e989000 rw-p 00000000 00:00 0 
7fc65e989000-7fc65e9b3000 rw-p 00000000 00:00 0 
7fc65e9b3000-7fc65eadf000 rw-p 00000000 00:00 0 
7fc65eadf000-7fc65eaea000 rw-p 00000000 00:00 0 
7fc65eaea000-7fc65eb32000 rw-p 00000000 00:00 0 
7fc65eb32000-7fc65eb5c000 rw-p 00000000 00:00 0 
7fc65eb5c000-7fc65ec87000 rw-p 00000000 00:00 0 
7fc65ec87000-7fc65ecac000 rw-p 00000000 00:00 0 
7fc65ecac000-7fc65ed32000 rw-p 00000000 00:00 0 
7fc65ed32000-7fc65ed33000 rw-p 00000000 00:00 0 
7fc65ed33000-7fc65ed3b000 r-xp 00000000 08:04 2621989                    /usr/lib/jvm/java-7-openjdk-amd64/jre/lib/amd64/libzip.so
7fc65ed3b000-7fc65ef3a000 ---p 00008000 08:04 2621989                    /usr/lib/jvm/java-7-openjdk-amd64/jre/lib/amd64/libzip.so
7fc65ef3a000-7fc65ef3b000 r--p 00007000 08:04 2621989                    /usr/lib/jvm/java-7-openjdk-amd64/jre/lib/amd64/libzip.so
7fc65ef3b000-7fc65ef3c000 rw-p 00008000 08:04 2621989                    /usr/lib/jvm/java-7-openjdk-amd64/jre/lib/amd64/libzip.so
7fc65ef3c000-7fc65ef47000 r-xp 00000000 08:04 1053069                    /lib/x86_64-linux-gnu/libnss_files-2.19.so
7fc65ef47000-7fc65f146000 ---p 0000b000 08:04 1053069                    /lib/x86_64-linux-gnu/libnss_files-2.19.so
7fc65f146000-7fc65f147000 r--p 0000a000 08:04 1053069                    /lib/x86_64-linux-gnu/libnss_files-2.19.so
7fc65f147000-7fc65f148000 rw-p 0000b000 08:04 1053069                    /lib/x86_64-linux-gnu/libnss_files-2.19.so
7fc65f148000-7fc65f153000 r-xp 00000000 08:04 1053089                    /lib/x86_64-linux-gnu/libnss_nis-2.19.so
7fc65f153000-7fc65f352000 ---p 0000b000 08:04 1053089                    /lib/x86_64-linux-gnu/libnss_nis-2.19.so
7fc65f352000-7fc65f353000 r--p 0000a000 08:04 1053089                    /lib/x86_64-linux-gnu/libnss_nis-2.19.so
7fc65f353000-7fc65f354000 rw-p 0000b000 08:04 1053089                    /lib/x86_64-linux-gnu/libnss_nis-2.19.so
7fc65f354000-7fc65f36b000 r-xp 00000000 08:04 1053078                    /lib/x86_64-linux-gnu/libnsl-2.19.so
7fc65f36b000-7fc65f56a000 ---p 00017000 08:04 1053078                    /lib/x86_64-linux-gnu/libnsl-2.19.so
7fc65f56a000-7fc65f56b000 r--p 00016000 08:04 1053078                    /lib/x86_64-linux-gnu/libnsl-2.19.so
7fc65f56b000-7fc65f56c000 rw-p 00017000 08:04 1053078                    /lib/x86_64-linux-gnu/libnsl-2.19.so
7fc65f56c000-7fc65f56e000 rw-p 00000000 00:00 0 
7fc65f56e000-7fc65f577000 r-xp 00000000 08:04 1053077                    /lib/x86_64-linux-gnu/libnss_compat-2.19.so
7fc65f577000-7fc65f776000 ---p 00009000 08:04 1053077                    /lib/x86_64-linux-gnu/libnss_compat-2.19.so
7fc65f776000-7fc65f777000 r--p 00008000 08:04 1053077                    /lib/x86_64-linux-gnu/libnss_compat-2.19.so
7fc65f777000-7fc65f778000 rw-p 00009000 08:04 1053077                    /lib/x86_64-linux-gnu/libnss_compat-2.19.so
7fc65f778000-7fc65f7a3000 r-xp 00000000 08:04 2622010                    /usr/lib/jvm/java-7-openjdk-amd64/jre/lib/amd64/libjava.so
7fc65f7a3000-7fc65f9a3000 ---p 0002b000 08:04 2622010                    /usr/lib/jvm/java-7-openjdk-amd64/jre/lib/amd64/libjava.so
7fc65f9a3000-7fc65f9a4000 r--p 0002b000 08:04 2622010                    /usr/lib/jvm/java-7-openjdk-amd64/jre/lib/amd64/libjava.so
7fc65f9a4000-7fc65f9a6000 rw-p 0002c000 08:04 2622010                    /usr/lib/jvm/java-7-openjdk-amd64/jre/lib/amd64/libjava.so
7fc65f9a6000-7fc65f9b6000 r-xp 00000000 08:04 2622006                    /usr/lib/jvm/java-7-openjdk-amd64/jre/lib/amd64/libverify.so
7fc65f9b6000-7fc65fbb5000 ---p 00010000 08:04 2622006                    /usr/lib/jvm/java-7-openjdk-amd64/jre/lib/amd64/libverify.so
7fc65fbb5000-7fc65fbb7000 r--p 0000f000 08:04 2622006                    /usr/lib/jvm/java-7-openjdk-amd64/jre/lib/amd64/libverify.so
7fc65fbb7000-7fc65fbb8000 rw-p 00011000 08:04 2622006                    /usr/lib/jvm/java-7-openjdk-amd64/jre/lib/amd64/libverify.so
7fc65fbb8000-7fc65fbbf000 r-xp 00000000 08:04 1053086                    /lib/x86_64-linux-gnu/librt-2.19.so
7fc65fbbf000-7fc65fdbe000 ---p 00007000 08:04 1053086                    /lib/x86_64-linux-gnu/librt-2.19.so
7fc65fdbe000-7fc65fdbf000 r--p 00006000 08:04 1053086                    /lib/x86_64-linux-gnu/librt-2.19.so
7fc65fdbf000-7fc65fdc0000 rw-p 00007000 08:04 1053086                    /lib/x86_64-linux-gnu/librt-2.19.so
7fc65fdc0000-7fc65fdd6000 r-xp 00000000 08:04 1052822                    /lib/x86_64-linux-gnu/libgcc_s.so.1
7fc65fdd6000-7fc65ffd5000 ---p 00016000 08:04 1052822                    /lib/x86_64-linux-gnu/libgcc_s.so.1
7fc65ffd5000-7fc65ffd6000 rw-p 00015000 08:04 1052822                    /lib/x86_64-linux-gnu/libgcc_s.so.1
7fc65ffd6000-7fc6600db000 r-xp 00000000 08:04 1048602                    /lib/x86_64-linux-gnu/libm-2.19.so
7fc6600db000-7fc6602da000 ---p 00105000 08:04 1048602                    /lib/x86_64-linux-gnu/libm-2.19.so
7fc6602da000-7fc6602db000 r--p 00104000 08:04 1048602                    /lib/x86_64-linux-gnu/libm-2.19.so
7fc6602db000-7fc6602dc000 rw-p 00105000 08:04 1048602                    /lib/x86_64-linux-gnu/libm-2.19.so
7fc6602dc000-7fc6603c2000 r-xp 00000000 08:04 2500048                    /usr/lib/x86_64-linux-gnu/libstdc++.so.6.0.19
7fc6603c2000-7fc6605c1000 ---p 000e6000 08:04 2500048                    /usr/lib/x86_64-linux-gnu/libstdc++.so.6.0.19
7fc6605c1000-7fc6605c9000 r--p 000e5000 08:04 2500048                    /usr/lib/x86_64-linux-gnu/libstdc++.so.6.0.19
7fc6605c9000-7fc6605cb000 rw-p 000ed000 08:04 2500048                    /usr/lib/x86_64-linux-gnu/libstdc++.so.6.0.19
7fc6605cb000-7fc6605e0000 rw-p 00000000 00:00 0 
7fc6605e0000-7fc6610f8000 r-xp 00000000 08:04 2622015                    /usr/lib/jvm/java-7-openjdk-amd64/jre/lib/amd64/server/libjvm.so
7fc6610f8000-7fc6612f8000 ---p 00b18000 08:04 2622015                    /usr/lib/jvm/java-7-openjdk-amd64/jre/lib/amd64/server/libjvm.so
7fc6612f8000-7fc661392000 r--p 00b18000 08:04 2622015                    /usr/lib/jvm/java-7-openjdk-amd64/jre/lib/amd64/server/libjvm.so
7fc661392000-7fc6613b5000 rw-p 00bb2000 08:04 2622015                    /usr/lib/jvm/java-7-openjdk-amd64/jre/lib/amd64/server/libjvm.so
7fc6613b5000-7fc6613e3000 rw-p 00000000 00:00 0 
7fc6613e3000-7fc6613fb000 r-xp 00000000 08:04 1052959                    /lib/x86_64-linux-gnu/libz.so.1.2.8
7fc6613fb000-7fc6615fa000 ---p 00018000 08:04 1052959                    /lib/x86_64-linux-gnu/libz.so.1.2.8
7fc6615fa000-7fc6615fb000 r--p 00017000 08:04 1052959                    /lib/x86_64-linux-gnu/libz.so.1.2.8
7fc6615fb000-7fc6615fc000 rw-p 00018000 08:04 1052959                    /lib/x86_64-linux-gnu/libz.so.1.2.8
7fc6615fc000-7fc661615000 r-xp 00000000 08:04 1053084                    /lib/x86_64-linux-gnu/libpthread-2.19.so
7fc661615000-7fc661814000 ---p 00019000 08:04 1053084                    /lib/x86_64-linux-gnu/libpthread-2.19.so
7fc661814000-7fc661815000 r--p 00018000 08:04 1053084                    /lib/x86_64-linux-gnu/libpthread-2.19.so
7fc661815000-7fc661816000 rw-p 00019000 08:04 1053084                    /lib/x86_64-linux-gnu/libpthread-2.19.so
7fc661816000-7fc66181a000 rw-p 00000000 00:00 0 
7fc66181a000-7fc66181d000 r-xp 00000000 08:04 1053072                    /lib/x86_64-linux-gnu/libdl-2.19.so
7fc66181d000-7fc661a1c000 ---p 00003000 08:04 1053072                    /lib/x86_64-linux-gnu/libdl-2.19.so
7fc661a1c000-7fc661a1d000 r--p 00002000 08:04 1053072                    /lib/x86_64-linux-gnu/libdl-2.19.so
7fc661a1d000-7fc661a1e000 rw-p 00003000 08:04 1053072                    /lib/x86_64-linux-gnu/libdl-2.19.so
7fc661a1e000-7fc661bd9000 r-xp 00000000 08:04 1053083                    /lib/x86_64-linux-gnu/libc-2.19.so
7fc661bd9000-7fc661dd8000 ---p 001bb000 08:04 1053083                    /lib/x86_64-linux-gnu/libc-2.19.so
7fc661dd8000-7fc661ddc000 r--p 001ba000 08:04 1053083                    /lib/x86_64-linux-gnu/libc-2.19.so
7fc661ddc000-7fc661dde000 rw-p 001be000 08:04 1053083                    /lib/x86_64-linux-gnu/libc-2.19.so
7fc661dde000-7fc661de3000 rw-p 00000000 00:00 0 
7fc661de3000-7fc661df0000 r-xp 00000000 08:04 2621981                    /usr/lib/jvm/java-7-openjdk-amd64/jre/lib/amd64/jli/libjli.so
7fc661df0000-7fc661fef000 ---p 0000d000 08:04 2621981                    /usr/lib/jvm/java-7-openjdk-amd64/jre/lib/amd64/jli/libjli.so
7fc661fef000-7fc661ff0000 r--p 0000c000 08:04 2621981                    /usr/lib/jvm/java-7-openjdk-amd64/jre/lib/amd64/jli/libjli.so
7fc661ff0000-7fc661ff1000 rw-p 0000d000 08:04 2621981                    /usr/lib/jvm/java-7-openjdk-amd64/jre/lib/amd64/jli/libjli.so
7fc661ff1000-7fc662014000 r-xp 00000000 08:04 1053080                    /lib/x86_64-linux-gnu/ld-2.19.so
7fc662016000-7fc66201b000 r--s 0004d000 08:04 2622673                    /usr/lib/jvm/java-7-openjdk-amd64/jre/lib/jsse.jar
7fc66201b000-7fc66202a000 r--s 000dd000 08:04 399553                     /home/fernando/android-sdk-linux/build-tools/21.1.2/lib/dx.jar
7fc66202a000-7fc662034000 rw-p 00000000 00:00 0 
7fc662034000-7fc6620ea000 rw-p 00000000 00:00 0 
7fc6620ea000-7fc6620ed000 ---p 00000000 00:00 0 
7fc6620ed000-7fc6621f0000 rw-p 00000000 00:00 0                          [stack:19347]
7fc6621f3000-7fc6621f4000 rw-p 00000000 00:00 0 
7fc6621f4000-7fc6621f8000 r--s 00034000 08:04 2622659                    /usr/lib/jvm/java-7-openjdk-amd64/jre/lib/ext/sunjce_provider.jar
7fc6621f8000-7fc6621fc000 r--s 0003c000 08:04 2622657                    /usr/lib/jvm/java-7-openjdk-amd64/jre/lib/ext/sunpkcs11.jar
7fc6621fc000-7fc6621fd000 r--s 00002000 08:04 2622656                    /usr/lib/jvm/java-7-openjdk-amd64/jre/lib/ext/dnsns.jar
7fc6621fd000-7fc662200000 r--s 00086000 08:04 2622658                    /usr/lib/jvm/java-7-openjdk-amd64/jre/lib/ext/localedata.jar
7fc662200000-7fc662202000 r--s 00012000 08:04 2622660                    /usr/lib/jvm/java-7-openjdk-amd64/jre/lib/ext/zipfs.jar
7fc662202000-7fc662204000 r--s 00006000 08:04 2892644                    /usr/share/java/java-atk-wrapper.jar
7fc662204000-7fc662207000 r--s 0000f000 08:04 2622655                    /usr/lib/jvm/java-7-openjdk-amd64/jre/lib/ext/icedtea-sound.jar
7fc662207000-7fc66220f000 rw-s 00000000 08:04 6034564                    /tmp/hsperfdata_fernando/19342
7fc66220f000-7fc662210000 rw-p 00000000 00:00 0 
7fc662210000-7fc662211000 ---p 00000000 00:00 0 
7fc662211000-7fc662213000 rw-p 00000000 00:00 0 
7fc662213000-7fc662214000 r--p 00022000 08:04 1053080                    /lib/x86_64-linux-gnu/ld-2.19.so
7fc662214000-7fc662215000 rw-p 00023000 08:04 1053080                    /lib/x86_64-linux-gnu/ld-2.19.so
7fc662215000-7fc662216000 rw-p 00000000 00:00 0 
7ffda7392000-7ffda73b4000 rw-p 00000000 00:00 0                          [stack]
7ffda73ca000-7ffda73cc000 r-xp 00000000 00:00 0                          [vdso]
ffffffffff600000-ffffffffff601000 r-xp 00000000 00:00 0                  [vsyscall]

VM Arguments:
jvm_args: -Xmx1024M -Dfile.encoding=UTF-8 -Duser.country=FR -Duser.language=fr -Duser.variant 
java_command: com.android.dx.command.Main --dex --output /home/fernando/M2GLAProject-Drone-Project/DroneApplication/app/build/intermediates/dex/debug /home/fernando/M2GLAProject-Drone-Project/DroneApplication/app/build/intermediates/classes/debug /home/fernando/M2GLAProject-Drone-Project/DroneApplication/app/build/intermediates/pre-dexed/debug/internal_impl-21.0.3-9fbc988cc0340515a0c0125db8685476312f1913.jar /home/fernando/M2GLAProject-Drone-Project/DroneApplication/app/build/intermediates/pre-dexed/debug/support-annotations-21.0.3-79b09a30a9657bcac46e9ad2b52f3f6524cf1648.jar /home/fernando/M2GLAProject-Drone-Project/DroneApplication/app/build/intermediates/pre-dexed/debug/classes-d6a9417ccbea995ce39b56a420d50a8fb02b85df.jar /home/fernando/M2GLAProject-Drone-Project/DroneApplication/app/build/intermediates/pre-dexed/debug/jackson-annotations-2.5.0-b9e1e89c708f4541672076e068afd71d2a25c395.jar /home/fernando/M2GLAProject-Drone-Project/DroneApplication/app/build/intermediates/pre-dexed/debug/classes-99d87678c1ab0f6ed188206cadd1c39c457e1ff2.jar /home/fernando/M2GLAProject-Drone-Project/DroneApplication/app/build/intermediates/pre-dexed/debug/classes-082414dac060403bab13571161ec96cdf70bfda3.jar /home/fernando/M2GLAProject-Drone-Project/DroneApplication/app/build/intermediates/pre-dexed/debug/spring-android-core-2.0.0.M1-97633ec9de8ebd6b703dd71e3d6a26b0ffc99061.jar /home/fernando/M2GLAProject-Drone-Project/DroneApplication/app/build/intermediates/pre-dexed/debug/spring-android-rest-template-2.0.0.M1-bb8e6dd908829604c8e8cc95e63f1e1dd3ce3465.jar /home/fernando/M2GLAProject-Drone-Project/DroneApplication/app/build/intermediates/pre-dexed/debug/internal_impl-21.0.3-c2ec34c1dbaa8386e84be2bcf99c344a054c180a.jar /home/fernando/M2GLAProject-Drone-Project/DroneApplication/app/build/intermediates/pre-dexed/debug/gson-2.3.1-125d84758b531485570f003a16581f6a4c3db09e.jar /home/fernando/M2GLAProject-Drone-Project/DroneApplication/app/build/intermediates/pre-dexed/debug/androidsvg-1.2.
Launcher Type: SUN_STANDARD

Environment Variables:
PATH=/usr/local/sbin:/usr/local/bin:/usr/sbin:/usr/bin:/sbin:/bin:/usr/games:/usr/local/games
USERNAME=fernando
LD_LIBRARY_PATH=/home/fernando/android-studio/bin:
SHELL=/bin/bash
DISPLAY=:0.0

Signal Handlers:
SIGSEGV: [libjvm.so+0x94b9a0], sa_mask[0]=0x7ffbfeff, sa_flags=0x10000004
SIGBUS: [libjvm.so+0x94b9a0], sa_mask[0]=0x7ffbfeff, sa_flags=0x10000004
SIGFPE: [libjvm.so+0x7c3880], sa_mask[0]=0x7ffbfeff, sa_flags=0x10000004
SIGPIPE: [libjvm.so+0x7c3880], sa_mask[0]=0x7ffbfeff, sa_flags=0x10000004
SIGXFSZ: [libjvm.so+0x7c3880], sa_mask[0]=0x7ffbfeff, sa_flags=0x10000004
SIGILL: [libjvm.so+0x7c3880], sa_mask[0]=0x7ffbfeff, sa_flags=0x10000004
SIGUSR1: SIG_DFL, sa_mask[0]=0x00000000, sa_flags=0x00000000
SIGUSR2: [libjvm.so+0x7c3720], sa_mask[0]=0x00000004, sa_flags=0x10000004
SIGHUP: [libjvm.so+0x7c3900], sa_mask[0]=0x7ffbfeff, sa_flags=0x10000004
SIGINT: [libjvm.so+0x7c3900], sa_mask[0]=0x7ffbfeff, sa_flags=0x10000004
SIGTERM: [libjvm.so+0x7c3900], sa_mask[0]=0x7ffbfeff, sa_flags=0x10000004
SIGQUIT: [libjvm.so+0x7c3900], sa_mask[0]=0x7ffbfeff, sa_flags=0x10000004
SIGTRAP: SIG_DFL, sa_mask[0]=0x00000000, sa_flags=0x00000000


---------------  S Y S T E M  ---------------

OS:LinuxMint 17.1 (rebecca)
uname:Linux 3.13.0-53-generic #89-Ubuntu SMP Wed May 20 10:34:39 UTC 2015 x86_64
libc:glibc 2.19 NPTL 2.19 
rlimit: STACK 8192k, CORE 0k, NPROC 63090, NOFILE 4096, AS infinity
load average:1,67 1,45 1,42

/proc/meminfo:
MemTotal:        8106708 kB
MemFree:          124616 kB
Buffers:             696 kB
Cached:           213580 kB
SwapCached:            0 kB
Active:          5858536 kB
Inactive:         205476 kB
Active(anon):    5850820 kB
Inactive(anon):   197116 kB
Active(file):       7716 kB
Inactive(file):     8360 kB
Unevictable:         248 kB
Mlocked:             248 kB
SwapTotal:             0 kB
SwapFree:              0 kB
Dirty:               664 kB
Writeback:             0 kB
AnonPages:       5849740 kB
Mapped:           533220 kB
Shmem:            198488 kB
Slab:              80260 kB
SReclaimable:      31672 kB
SUnreclaim:        48588 kB
KernelStack:        5664 kB
PageTables:        49392 kB
NFS_Unstable:          0 kB
Bounce:                0 kB
WritebackTmp:          0 kB
CommitLimit:     4053352 kB
Committed_AS:   12696120 kB
VmallocTotal:   34359738367 kB
VmallocUsed:      315100 kB
VmallocChunk:   34359396564 kB
HardwareCorrupted:     0 kB
AnonHugePages:   2756608 kB
HugePages_Total:       0
HugePages_Free:        0
HugePages_Rsvd:        0
HugePages_Surp:        0
Hugepagesize:       2048 kB
DirectMap4k:     5402572 kB
DirectMap2M:     2916352 kB


CPU:total 4 (2 cores per cpu, 2 threads per core) family 6 model 58 stepping 9, cmov, cx8, fxsr, mmx, sse, sse2, sse3, ssse3, sse4.1, sse4.2, popcnt, avx, aes, erms, ht, tsc, tscinvbit, tscinv

/proc/cpuinfo:
processor	: 0
vendor_id	: GenuineIntel
cpu family	: 6
model		: 58
model name	: Intel(R) Core(TM) i7-3540M CPU @ 3.00GHz
stepping	: 9
microcode	: 0x16
cpu MHz		: 2700.000
cache size	: 4096 KB
physical id	: 0
siblings	: 4
core id		: 0
cpu cores	: 2
apicid		: 0
initial apicid	: 0
fpu		: yes
fpu_exception	: yes
cpuid level	: 13
wp		: yes
flags		: fpu vme de pse tsc msr pae mce cx8 apic sep mtrr pge mca cmov pat pse36 clflush dts acpi mmx fxsr sse sse2 ss ht tm pbe syscall nx rdtscp lm constant_tsc arch_perfmon pebs bts rep_good nopl xtopology nonstop_tsc aperfmperf eagerfpu pni pclmulqdq dtes64 monitor ds_cpl vmx smx est tm2 ssse3 cx16 xtpr pdcm pcid sse4_1 sse4_2 x2apic popcnt tsc_deadline_timer aes xsave avx f16c rdrand lahf_lm ida arat epb xsaveopt pln pts dtherm tpr_shadow vnmi flexpriority ept vpid fsgsbase smep erms
bogomips	: 5986.12
clflush size	: 64
cache_alignment	: 64
address sizes	: 36 bits physical, 48 bits virtual
power management:

processor	: 1
vendor_id	: GenuineIntel
cpu family	: 6
model		: 58
model name	: Intel(R) Core(TM) i7-3540M CPU @ 3.00GHz
stepping	: 9
microcode	: 0x16
cpu MHz		: 2900.000
cache size	: 4096 KB
physical id	: 0
siblings	: 4
core id		: 0
cpu cores	: 2
apicid		: 1
initial apicid	: 1
fpu		: yes
fpu_exception	: yes
cpuid level	: 13
wp		: yes
flags		: fpu vme de pse tsc msr pae mce cx8 apic sep mtrr pge mca cmov pat pse36 clflush dts acpi mmx fxsr sse sse2 ss ht tm pbe syscall nx rdtscp lm constant_tsc arch_perfmon pebs bts rep_good nopl xtopology nonstop_tsc aperfmperf eagerfpu pni pclmulqdq dtes64 monitor ds_cpl vmx smx est tm2 ssse3 cx16 xtpr pdcm pcid sse4_1 sse4_2 x2apic popcnt tsc_deadline_timer aes xsave avx f16c rdrand lahf_lm ida arat epb xsaveopt pln pts dtherm tpr_shadow vnmi flexpriority ept vpid fsgsbase smep erms
bogomips	: 5986.12
clflush size	: 64
cache_alignment	: 64
address sizes	: 36 bits physical, 48 bits virtual
power management:

processor	: 2
vendor_id	: GenuineIntel
cpu family	: 6
model		: 58
model name	: Intel(R) Core(TM) i7-3540M CPU @ 3.00GHz
stepping	: 9
microcode	: 0x16
cpu MHz		: 1200.000
cache size	: 4096 KB
physical id	: 0
siblings	: 4
core id		: 1
cpu cores	: 2
apicid		: 2
initial apicid	: 2
fpu		: yes
fpu_exception	: yes
cpuid level	: 13
wp		: yes
flags		: fpu vme de pse tsc msr pae mce cx8 apic sep mtrr pge mca cmov pat pse36 clflush dts acpi mmx fxsr sse sse2 ss ht tm pbe syscall nx rdtscp lm constant_tsc arch_perfmon pebs bts rep_good nopl xtopology nonstop_tsc aperfmperf eagerfpu pni pclmulqdq dtes64 monitor ds_cpl vmx smx est tm2 ssse3 cx16 xtpr pdcm pcid sse4_1 sse4_2 x2apic popcnt tsc_deadline_timer aes xsave avx f16c rdrand lahf_lm ida arat epb xsaveopt pln pts dtherm tpr_shadow vnmi flexpriority ept vpid fsgsbase smep erms
bogomips	: 5986.12
clflush size	: 64
cache_alignment	: 64
address sizes	: 36 bits physical, 48 bits virtual
power management:

processor	: 3
vendor_id	: GenuineIntel
cpu family	: 6
model		: 58
model name	: Intel(R) Core(TM) i7-3540M CPU @ 3.00GHz
stepping	: 9
microcode	: 0x16
cpu MHz		: 3001.000
cache size	: 4096 KB
physical id	: 0
siblings	: 4
core id		: 1
cpu cores	: 2
apicid		: 3
initial apicid	: 3
fpu		: yes
fpu_exception	: yes
cpuid level	: 13
wp		: yes
flags		: fpu vme de pse tsc msr pae mce cx8 apic sep mtrr pge mca cmov pat pse36 clflush dts acpi mmx fxsr sse sse2 ss ht tm pbe syscall nx rdtscp lm constant_tsc arch_perfmon pebs bts rep_good nopl xtopology nonstop_tsc aperfmperf eagerfpu pni pclmulqdq dtes64 monitor ds_cpl vmx smx est tm2 ssse3 cx16 xtpr pdcm pcid sse4_1 sse4_2 x2apic popcnt tsc_deadline_timer aes xsave avx f16c rdrand lahf_lm ida arat epb xsaveopt pln pts dtherm tpr_shadow vnmi flexpriority ept vpid fsgsbase smep erms
bogomips	: 5986.12
clflush size	: 64
cache_alignment	: 64
address sizes	: 36 bits physical, 48 bits virtual
power management:



Memory: 4k page, physical 8106708k(124616k free), swap 0k(0k free)

vm_info: OpenJDK 64-Bit Server VM (24.79-b02) for linux-amd64 JRE (1.7.0_79-b14), built on Apr 16 2015 08:21:58 by "buildd" with gcc 4.8.2

time: Thu May 28 14:03:35 2015
elapsed time: 3 seconds

