#
# There is insufficient memory for the Java Runtime Environment to continue.
# Native memory allocation (malloc) failed to allocate 90177536 bytes for committing reserved memory.
# Possible reasons:
#   The system is out of physical RAM or swap space
#   In 32 bit mode, the process size limit was hit
# Possible solutions:
#   Reduce memory load on the system
#   Increase physical memory or swap space
#   Check if swap backing store is full
#   Use 64 bit Java on a 64 bit OS
#   Decrease Java heap size (-Xmx/-Xms)
#   Decrease number of Java threads
#   Decrease Java thread stack sizes (-Xss)
#   Set larger code cache with -XX:ReservedCodeCacheSize=
# This output file may be truncated or incomplete.
#
#  Out of Memory Error (os_linux.cpp:2809), pid=19431, tid=140138558519040
#
# JRE version: OpenJDK Runtime Environment (7.0_79-b14) (build 1.7.0_79-b14)
# Java VM: OpenJDK 64-Bit Server VM (24.79-b02 mixed mode linux-amd64 compressed oops)
# Derivative: IcedTea 2.5.5
# Distribution: Ubuntu 14.04 LTS, package 7u79-2.5.5-0ubuntu0.14.04.2
# Failed to write core dump. Core dumps have been disabled. To enable core dumping, try "ulimit -c unlimited" before starting Java again
#

---------------  T H R E A D  ---------------

Current thread (0x00007f7490077000):  VMThread [stack: 0x00007f748ceff000,0x00007f748d000000] [id=19441]

Stack: [0x00007f748ceff000,0x00007f748d000000],  sp=0x00007f748cffe490,  free space=1021k
Native frames: (J=compiled Java code, j=interpreted, Vv=VM code, C=native code)
V  [libjvm.so+0x94aec5]  VMError::report_and_die()+0x175
V  [libjvm.so+0x48b9c4]  report_vm_out_of_memory(char const*, int, unsigned long, char const*)+0x74
V  [libjvm.so+0x7c806b]  os::pd_commit_memory(char*, unsigned long, unsigned long, bool)+0xeb
V  [libjvm.so+0x7c2b0f]  os::commit_memory(char*, unsigned long, unsigned long, bool)+0x1f
V  [libjvm.so+0x83500b]  PSVirtualSpace::expand_by(unsigned long)+0x5b
V  [libjvm.so+0x835e60]  PSYoungGen::resize_generation(unsigned long, unsigned long)+0xb0
V  [libjvm.so+0x83654b]  PSYoungGen::resize(unsigned long, unsigned long)+0x1b
V  [libjvm.so+0x832830]  PSScavenge::invoke_no_policy()+0xde0
V  [libjvm.so+0x833008]  PSScavenge::invoke()+0x38
V  [libjvm.so+0x7e96f3]  ParallelScavengeHeap::failed_mem_allocate(unsigned long)+0x63
V  [libjvm.so+0x94c8c4]  VM_ParallelGCFailedAllocation::doit()+0x84
V  [libjvm.so+0x950dc7]  VM_Operation::evaluate()+0x47
V  [libjvm.so+0x94f738]  VMThread::evaluate_operation(VM_Operation*)+0x318
V  [libjvm.so+0x94fb99]  VMThread::loop()+0x219
V  [libjvm.so+0x94ffe2]  VMThread::run()+0x72
V  [libjvm.so+0x7c4f32]  java_start(Thread*)+0xf2

VM_Operation (0x00007f749920c2c0): ParallelGCFailedAllocation, mode: safepoint, requested by thread 0x00007f749000b800


---------------  P R O C E S S  ---------------

Java Threads: ( => current thread )
  0x00007f74900b0000 JavaThread "Service Thread" daemon [_thread_blocked, id=19447, stack(0x00007f748c62b000,0x00007f748c72c000)]
  0x00007f74900ad800 JavaThread "C2 CompilerThread1" daemon [_thread_blocked, id=19446, stack(0x00007f748c72c000,0x00007f748c82d000)]
  0x00007f74900aa800 JavaThread "C2 CompilerThread0" daemon [_thread_blocked, id=19445, stack(0x00007f748c82d000,0x00007f748c92e000)]
  0x00007f74900a8800 JavaThread "Signal Dispatcher" daemon [_thread_blocked, id=19444, stack(0x00007f748c92e000,0x00007f748ca2f000)]
  0x00007f749007d800 JavaThread "Finalizer" daemon [_thread_blocked, id=19443, stack(0x00007f748ccfd000,0x00007f748cdfe000)]
  0x00007f749007b800 JavaThread "Reference Handler" daemon [_thread_blocked, id=19442, stack(0x00007f748cdfe000,0x00007f748ceff000)]
  0x00007f749000b800 JavaThread "main" [_thread_blocked, id=19436, stack(0x00007f749910d000,0x00007f749920e000)]

Other Threads:
=>0x00007f7490077000 VMThread [stack: 0x00007f748ceff000,0x00007f748d000000] [id=19441]
  0x00007f74900ba800 WatcherThread [stack: 0x00007f748c52a000,0x00007f748c62b000] [id=19448]

VM state:at safepoint (normal execution)

VM Mutex/Monitor currently owned by a thread:  ([mutex/lock_event])
[0x00007f7490007cf0] Threads_lock - owner thread: 0x00007f7490077000
[0x00007f74900081f0] Heap_lock - owner thread: 0x00007f749000b800

Heap
 PSYoungGen      total 69632K, used 5104K [0x00000000eaa80000, 0x00000000ef380000, 0x0000000100000000)
  eden space 64512K, 0% used [0x00000000eaa80000,0x00000000eaa80000,0x00000000ee980000)
  from space 5120K, 99% used [0x00000000ee980000,0x00000000eee7c300,0x00000000eee80000)
  to   space 5120K, 0% used [0x00000000eee80000,0x00000000eee80000,0x00000000ef380000)
 ParOldGen       total 84480K, used 27235K [0x00000000c0000000, 0x00000000c5280000, 0x00000000eaa80000)
  object space 84480K, 32% used [0x00000000c0000000,0x00000000c1a98d10,0x00000000c5280000)
 PSPermGen       total 21504K, used 7611K [0x00000000b5a00000, 0x00000000b6f00000, 0x00000000c0000000)
  object space 21504K, 35% used [0x00000000b5a00000,0x00000000b616ec70,0x00000000b6f00000)

Card table byte_map: [0x00007f7495b02000,0x00007f7495d56000] byte_map_base: 0x00007f7495555000

Polling page: 0x00007f7499233000

Code Cache  [0x00007f748d000000, 0x00007f748d290000, 0x00007f7490000000)
 total_blobs=1110 nmethods=859 adapters=204 free_code_cache=46597Kb largest_free_block=47664832

Compilation events (10 events):
Event: 5,103 Thread 0x00007f74900ad800 nmethod 875 0x00007f748d26dc90 code [0x00007f748d26de00, 0x00007f748d26e178]
Event: 5,103 Thread 0x00007f74900ad800  878             com.android.dx.merge.DexMerger::getSortedTypes (139 bytes)
Event: 5,106 Thread 0x00007f74900aa800 nmethod 877 0x00007f748d26c150 code [0x00007f748d26c300, 0x00007f748d26c838]
Event: 5,106 Thread 0x00007f74900aa800  879             com.android.dx.merge.IndexMap::adjustTypeListOffset (18 bytes)
Event: 5,110 Thread 0x00007f74900aa800 nmethod 879 0x00007f748d26b9d0 code [0x00007f748d26bb40, 0x00007f748d26bdf8]
Event: 5,110 Thread 0x00007f74900aa800  880             com.android.dex.Dex::readCode (28 bytes)
Event: 5,263 Thread 0x00007f74900ad800 nmethod 878 0x00007f748d270a50 code [0x00007f748d270ca0, 0x00007f748d271900]
Event: 5,267 Thread 0x00007f74900ad800  881             com.android.dex.Dex$Section::access$900 (5 bytes)
Event: 6,611 Thread 0x00007f74900aa800 nmethod 880 0x00007f748d285d10 code [0x00007f748d2860e0, 0x00007f748d287e78]
Event: 6,699 Thread 0x00007f74900aa800  882             com.android.dex.Dex$Section::readCode (136 bytes)

GC Heap History (9 events):
Event: 1,222 GC heap before
{Heap before GC invocations=1 (full 0):
 PSYoungGen      total 37376K, used 32256K [0x00000000eaa80000, 0x00000000ed400000, 0x0000000100000000)
  eden space 32256K, 100% used [0x00000000eaa80000,0x00000000eca00000,0x00000000eca00000)
  from space 5120K, 0% used [0x00000000ecf00000,0x00000000ecf00000,0x00000000ed400000)
  to   space 5120K, 0% used [0x00000000eca00000,0x00000000eca00000,0x00000000ecf00000)
 ParOldGen       total 84480K, used 0K [0x00000000c0000000, 0x00000000c5280000, 0x00000000eaa80000)
  object space 84480K, 0% used [0x00000000c0000000,0x00000000c0000000,0x00000000c5280000)
 PSPermGen       total 21504K, used 5228K [0x00000000b5a00000, 0x00000000b6f00000, 0x00000000c0000000)
  object space 21504K, 24% used [0x00000000b5a00000,0x00000000b5f1b108,0x00000000b6f00000)
Event: 1,232 GC heap after
Heap after GC invocations=1 (full 0):
 PSYoungGen      total 37376K, used 5099K [0x00000000eaa80000, 0x00000000ed400000, 0x0000000100000000)
  eden space 32256K, 0% used [0x00000000eaa80000,0x00000000eaa80000,0x00000000eca00000)
  from space 5120K, 99% used [0x00000000eca00000,0x00000000ecefac50,0x00000000ecf00000)
  to   space 5120K, 0% used [0x00000000ecf00000,0x00000000ecf00000,0x00000000ed400000)
 ParOldGen       total 84480K, used 837K [0x00000000c0000000, 0x00000000c5280000, 0x00000000eaa80000)
  object space 84480K, 0% used [0x00000000c0000000,0x00000000c00d16a0,0x00000000c5280000)
 PSPermGen       total 21504K, used 5228K [0x00000000b5a00000, 0x00000000b6f00000, 0x00000000c0000000)
  object space 21504K, 24% used [0x00000000b5a00000,0x00000000b5f1b108,0x00000000b6f00000)
}
Event: 1,944 GC heap before
{Heap before GC invocations=2 (full 0):
 PSYoungGen      total 37376K, used 37355K [0x00000000eaa80000, 0x00000000ed400000, 0x0000000100000000)
  eden space 32256K, 100% used [0x00000000eaa80000,0x00000000eca00000,0x00000000eca00000)
  from space 5120K, 99% used [0x00000000eca00000,0x00000000ecefac50,0x00000000ecf00000)
  to   space 5120K, 0% used [0x00000000ecf00000,0x00000000ecf00000,0x00000000ed400000)
 ParOldGen       total 84480K, used 837K [0x00000000c0000000, 0x00000000c5280000, 0x00000000eaa80000)
  object space 84480K, 0% used [0x00000000c0000000,0x00000000c00d16a0,0x00000000c5280000)
 PSPermGen       total 21504K, used 5353K [0x00000000b5a00000, 0x00000000b6f00000, 0x00000000c0000000)
  object space 21504K, 24% used [0x00000000b5a00000,0x00000000b5f3a6f8,0x00000000b6f00000)
Event: 1,957 GC heap after
Heap after GC invocations=2 (full 0):
 PSYoungGen      total 37376K, used 5088K [0x00000000eaa80000, 0x00000000ef380000, 0x0000000100000000)
  eden space 32256K, 0% used [0x00000000eaa80000,0x00000000eaa80000,0x00000000eca00000)
  from space 5120K, 99% used [0x00000000ecf00000,0x00000000ed3f8028,0x00000000ed400000)
  to   space 5120K, 0% used [0x00000000eca00000,0x00000000eca00000,0x00000000ecf00000)
 ParOldGen       total 84480K, used 4856K [0x00000000c0000000, 0x00000000c5280000, 0x00000000eaa80000)
  object space 84480K, 5% used [0x00000000c0000000,0x00000000c04be278,0x00000000c5280000)
 PSPermGen       total 21504K, used 5353K [0x00000000b5a00000, 0x00000000b6f00000, 0x00000000c0000000)
  object space 21504K, 24% used [0x00000000b5a00000,0x00000000b5f3a6f8,0x00000000b6f00000)
}
Event: 2,710 GC heap before
{Heap before GC invocations=3 (full 0):
 PSYoungGen      total 37376K, used 37344K [0x00000000eaa80000, 0x00000000ef380000, 0x0000000100000000)
  eden space 32256K, 100% used [0x00000000eaa80000,0x00000000eca00000,0x00000000eca00000)
  from space 5120K, 99% used [0x00000000ecf00000,0x00000000ed3f8028,0x00000000ed400000)
  to   space 5120K, 0% used [0x00000000eca00000,0x00000000eca00000,0x00000000ecf00000)
 ParOldGen       total 84480K, used 4856K [0x00000000c0000000, 0x00000000c5280000, 0x00000000eaa80000)
  object space 84480K, 5% used [0x00000000c0000000,0x00000000c04be278,0x00000000c5280000)
 PSPermGen       total 21504K, used 5829K [0x00000000b5a00000, 0x00000000b6f00000, 0x00000000c0000000)
  object space 21504K, 27% used [0x00000000b5a00000,0x00000000b5fb1530,0x00000000b6f00000)
Event: 2,724 GC heap after
Heap after GC invocations=3 (full 0):
 PSYoungGen      total 37376K, used 5097K [0x00000000eaa80000, 0x00000000ef380000, 0x0000000100000000)
  eden space 32256K, 0% used [0x00000000eaa80000,0x00000000eaa80000,0x00000000eca00000)
  from space 5120K, 99% used [0x00000000eca00000,0x00000000ecefa488,0x00000000ecf00000)
  to   space 5120K, 0% used [0x00000000eee80000,0x00000000eee80000,0x00000000ef380000)
 ParOldGen       total 84480K, used 10945K [0x00000000c0000000, 0x00000000c5280000, 0x00000000eaa80000)
  object space 84480K, 12% used [0x00000000c0000000,0x00000000c0ab0760,0x00000000c5280000)
 PSPermGen       total 21504K, used 5829K [0x00000000b5a00000, 0x00000000b6f00000, 0x00000000c0000000)
  object space 21504K, 27% used [0x00000000b5a00000,0x00000000b5fb1530,0x00000000b6f00000)
}
Event: 3,871 GC heap before
{Heap before GC invocations=4 (full 0):
 PSYoungGen      total 37376K, used 37353K [0x00000000eaa80000, 0x00000000ef380000, 0x0000000100000000)
  eden space 32256K, 100% used [0x00000000eaa80000,0x00000000eca00000,0x00000000eca00000)
  from space 5120K, 99% used [0x00000000eca00000,0x00000000ecefa488,0x00000000ecf00000)
  to   space 5120K, 0% used [0x00000000eee80000,0x00000000eee80000,0x00000000ef380000)
 ParOldGen       total 84480K, used 10945K [0x00000000c0000000, 0x00000000c5280000, 0x00000000eaa80000)
  object space 84480K, 12% used [0x00000000c0000000,0x00000000c0ab0760,0x00000000c5280000)
 PSPermGen       total 21504K, used 6922K [0x00000000b5a00000, 0x00000000b6f00000, 0x00000000c0000000)
  object space 21504K, 32% used [0x00000000b5a00000,0x00000000b60c2900,0x00000000b6f00000)
Event: 3,887 GC heap after
Heap after GC invocations=4 (full 0):
 PSYoungGen      total 69632K, used 5114K [0x00000000eaa80000, 0x00000000ef380000, 0x0000000100000000)
  eden space 64512K, 0% used [0x00000000eaa80000,0x00000000eaa80000,0x00000000ee980000)
  from space 5120K, 99% used [0x00000000eee80000,0x00000000ef37ead0,0x00000000ef380000)
  to   space 5120K, 0% used [0x00000000ee980000,0x00000000ee980000,0x00000000eee80000)
 ParOldGen       total 84480K, used 18391K [0x00000000c0000000, 0x00000000c5280000, 0x00000000eaa80000)
  object space 84480K, 21% used [0x00000000c0000000,0x00000000c11f5f98,0x00000000c5280000)
 PSPermGen       total 21504K, used 6922K [0x00000000b5a00000, 0x00000000b6f00000, 0x00000000c0000000)
  object space 21504K, 32% used [0x00000000b5a00000,0x00000000b60c2900,0x00000000b6f00000)
}
Event: 7,375 GC heap before
{Heap before GC invocations=5 (full 0):
 PSYoungGen      total 69632K, used 69626K [0x00000000eaa80000, 0x00000000ef380000, 0x0000000100000000)
  eden space 64512K, 100% used [0x00000000eaa80000,0x00000000ee980000,0x00000000ee980000)
  from space 5120K, 99% used [0x00000000eee80000,0x00000000ef37ead0,0x00000000ef380000)
  to   space 5120K, 0% used [0x00000000ee980000,0x00000000ee980000,0x00000000eee80000)
 ParOldGen       total 84480K, used 18391K [0x00000000c0000000, 0x00000000c5280000, 0x00000000eaa80000)
  object space 84480K, 21% used [0x00000000c0000000,0x00000000c11f5f98,0x00000000c5280000)
 PSPermGen       total 21504K, used 7611K [0x00000000b5a00000, 0x00000000b6f00000, 0x00000000c0000000)
  object space 21504K, 35% used [0x00000000b5a00000,0x00000000b616ec70,0x00000000b6f00000)

Deoptimization events (10 events):
Event: 3,747 Thread 0x00007f749000b800 Uncommon trap: reason=class_check action=maybe_recompile pc=0x00007f748d239908 method=com.android.dex.Leb128.writeUnsignedLeb128(Lcom/android/dex/util/ByteOutput;I)V @ 40
Event: 3,747 Thread 0x00007f749000b800 Uncommon trap: reason=class_check action=maybe_recompile pc=0x00007f748d239908 method=com.android.dex.Leb128.writeUnsignedLeb128(Lcom/android/dex/util/ByteOutput;I)V @ 40
Event: 3,851 Thread 0x00007f749000b800 Uncommon trap: reason=predicate action=maybe_recompile pc=0x00007f748d256d34 method=com.android.dex.Leb128.writeUnsignedLeb128(Lcom/android/dex/util/ByteOutput;I)V @ 9
Event: 4,026 Thread 0x00007f749000b800 Uncommon trap: reason=class_check action=maybe_recompile pc=0x00007f748d0ea03c method=java.util.HashMap.<init>(IF)V @ 115
Event: 4,026 Thread 0x00007f749000b800 Uncommon trap: reason=class_check action=maybe_recompile pc=0x00007f748d0db764 method=java.util.HashMap.<init>(IF)V @ 115
Event: 4,081 Thread 0x00007f749000b800 Uncommon trap: reason=class_check action=maybe_recompile pc=0x00007f748d0dc4e8 method=java.util.ArrayList.<init>(Ljava/util/Collection;)V @ 6
Event: 4,120 Thread 0x00007f749000b800 Uncommon trap: reason=class_check action=maybe_recompile pc=0x00007f748d0ea03c method=java.util.HashMap.<init>(IF)V @ 115
Event: 4,121 Thread 0x00007f749000b800 Uncommon trap: reason=class_check action=maybe_recompile pc=0x00007f748d0dc4e8 method=java.util.ArrayList.<init>(Ljava/util/Collection;)V @ 6
Event: 4,198 Thread 0x00007f749000b800 Uncommon trap: reason=predicate action=maybe_recompile pc=0x00007f748d0a31f8 method=com.android.dex.Leb128.readUnsignedLeb128(Lcom/android/dex/util/ByteInput;)I @ 41
Event: 5,000 Thread 0x00007f749000b800 Uncommon trap: reason=predicate action=maybe_recompile pc=0x00007f748d26f470 method=java.util.ComparableTimSort.binarySort([Ljava/lang/Object;III)V @ 37

Internal exceptions (10 events):
Event: 3,888 Thread 0x00007f749000b800 Threw 0x00000000eaa8a970 at /build/buildd/openjdk-7-7u79-2.5.5/build/openjdk/hotspot/src/share/vm/prims/jvm.cpp:1284
Event: 3,890 Thread 0x00007f749000b800 Threw 0x00000000eaad2510 at /build/buildd/openjdk-7-7u79-2.5.5/build/openjdk/hotspot/src/share/vm/prims/jvm.cpp:1284
Event: 3,890 Thread 0x00007f749000b800 Threw 0x00000000eaad5168 at /build/buildd/openjdk-7-7u79-2.5.5/build/openjdk/hotspot/src/share/vm/prims/jvm.cpp:1284
Event: 4,041 Thread 0x00007f749000b800 Threw 0x00000000eac662a8 at /build/buildd/openjdk-7-7u79-2.5.5/build/openjdk/hotspot/src/share/vm/prims/jvm.cpp:1284
Event: 4,041 Thread 0x00007f749000b800 Threw 0x00000000eac663d0 at /build/buildd/openjdk-7-7u79-2.5.5/build/openjdk/hotspot/src/share/vm/prims/jvm.cpp:1284
Event: 4,041 Thread 0x00007f749000b800 Threw 0x00000000eac68a80 at /build/buildd/openjdk-7-7u79-2.5.5/build/openjdk/hotspot/src/share/vm/prims/jvm.cpp:1284
Event: 4,041 Thread 0x00007f749000b800 Threw 0x00000000eac68ba8 at /build/buildd/openjdk-7-7u79-2.5.5/build/openjdk/hotspot/src/share/vm/prims/jvm.cpp:1284
Event: 4,041 Thread 0x00007f749000b800 Threw 0x00000000eac695a8 at /build/buildd/openjdk-7-7u79-2.5.5/build/openjdk/hotspot/src/share/vm/prims/jvm.cpp:1284
Event: 4,041 Thread 0x00007f749000b800 Threw 0x00000000eac696d0 at /build/buildd/openjdk-7-7u79-2.5.5/build/openjdk/hotspot/src/share/vm/prims/jvm.cpp:1284
Event: 4,501 Thread 0x00007f749000b800 Threw 0x00000000ebdb8858 at /build/buildd/openjdk-7-7u79-2.5.5/build/openjdk/hotspot/src/share/vm/prims/jvm.cpp:1284

Events (10 events):
Event: 4,239 Thread 0x00007f74900ad800 flushing nmethod 0x00007f748d112650
Event: 4,239 Thread 0x00007f74900ad800 flushing nmethod 0x00007f748d149310
Event: 4,498 loading class 0x00007f749022ea60
Event: 4,498 loading class 0x00007f749022ea60 done
Event: 4,718 loading class 0x00007f74952a0b90
Event: 4,737 loading class 0x00007f74952a0b90 done
Event: 4,998 Thread 0x00007f749000b800 Uncommon trap: trap_request=0xffffff86 fr.pc=0x00007f748d26f470
Event: 5,000 Thread 0x00007f749000b800 DEOPT PACKING pc=0x00007f748d26f470 sp=0x00007f749920c450
Event: 5,000 Thread 0x00007f749000b800 DEOPT UNPACKING pc=0x00007f748d039445 sp=0x00007f749920c430 mode 2
Event: 7,192 Executing VM operation: ParallelGCFailedAllocation


Dynamic libraries:
00400000-00401000 r-xp 00000000 08:04 2621774                            /usr/lib/jvm/java-7-openjdk-amd64/jre/bin/java
00600000-00601000 r--p 00000000 08:04 2621774                            /usr/lib/jvm/java-7-openjdk-amd64/jre/bin/java
00601000-00602000 rw-p 00001000 08:04 2621774                            /usr/lib/jvm/java-7-openjdk-amd64/jre/bin/java
01f95000-01fb6000 rw-p 00000000 00:00 0                                  [heap]
b5a00000-b6f00000 rw-p 00000000 00:00 0 
b6f00000-c0000000 rw-p 00000000 00:00 0 
c0000000-c5280000 rw-p 00000000 00:00 0 
c5280000-eaa80000 rw-p 00000000 00:00 0 
eaa80000-ef380000 rw-p 00000000 00:00 0 
f4980000-100000000 rw-p 00000000 00:00 0 
7f7454000000-7f7454021000 rw-p 00000000 00:00 0 
7f7454021000-7f7458000000 ---p 00000000 00:00 0 
7f745c000000-7f745cdcb000 rw-p 00000000 00:00 0 
7f745cdcb000-7f7460000000 ---p 00000000 00:00 0 
7f7460000000-7f7460021000 rw-p 00000000 00:00 0 
7f7460021000-7f7464000000 ---p 00000000 00:00 0 
7f7464000000-7f7464021000 rw-p 00000000 00:00 0 
7f7464021000-7f7468000000 ---p 00000000 00:00 0 
7f7468000000-7f7468bf7000 rw-p 00000000 00:00 0 
7f7468bf7000-7f746c000000 ---p 00000000 00:00 0 
7f746c000000-7f746c021000 rw-p 00000000 00:00 0 
7f746c021000-7f7470000000 ---p 00000000 00:00 0 
7f7470000000-7f7470021000 rw-p 00000000 00:00 0 
7f7470021000-7f7474000000 ---p 00000000 00:00 0 
7f7474000000-7f7474244000 rw-p 00000000 00:00 0 
7f7474244000-7f7478000000 ---p 00000000 00:00 0 
7f7478000000-7f7478021000 rw-p 00000000 00:00 0 
7f7478021000-7f747c000000 ---p 00000000 00:00 0 
7f747c77c000-7f747c7b9000 r-xp 00000000 08:04 1052899                    /lib/x86_64-linux-gnu/libpcre.so.3.13.1
7f747c7b9000-7f747c9b8000 ---p 0003d000 08:04 1052899                    /lib/x86_64-linux-gnu/libpcre.so.3.13.1
7f747c9b8000-7f747c9b9000 r--p 0003c000 08:04 1052899                    /lib/x86_64-linux-gnu/libpcre.so.3.13.1
7f747c9b9000-7f747c9ba000 rw-p 0003d000 08:04 1052899                    /lib/x86_64-linux-gnu/libpcre.so.3.13.1
7f747c9ba000-7f747c9c1000 r-xp 00000000 08:04 2499335                    /usr/lib/x86_64-linux-gnu/libffi.so.6.0.1
7f747c9c1000-7f747cbc0000 ---p 00007000 08:04 2499335                    /usr/lib/x86_64-linux-gnu/libffi.so.6.0.1
7f747cbc0000-7f747cbc1000 r--p 00006000 08:04 2499335                    /usr/lib/x86_64-linux-gnu/libffi.so.6.0.1
7f747cbc1000-7f747cbc2000 rw-p 00007000 08:04 2499335                    /usr/lib/x86_64-linux-gnu/libffi.so.6.0.1
7f747cbc2000-7f747cbd9000 r-xp 00000000 08:04 1048591                    /lib/x86_64-linux-gnu/libresolv-2.19.so
7f747cbd9000-7f747cdd9000 ---p 00017000 08:04 1048591                    /lib/x86_64-linux-gnu/libresolv-2.19.so
7f747cdd9000-7f747cdda000 r--p 00017000 08:04 1048591                    /lib/x86_64-linux-gnu/libresolv-2.19.so
7f747cdda000-7f747cddb000 rw-p 00018000 08:04 1048591                    /lib/x86_64-linux-gnu/libresolv-2.19.so
7f747cddb000-7f747cddd000 rw-p 00000000 00:00 0 
7f747cddd000-7f747cdfd000 r-xp 00000000 08:04 1052926                    /lib/x86_64-linux-gnu/libselinux.so.1
7f747cdfd000-7f747cffc000 ---p 00020000 08:04 1052926                    /lib/x86_64-linux-gnu/libselinux.so.1
7f747cffc000-7f747cffd000 r--p 0001f000 08:04 1052926                    /lib/x86_64-linux-gnu/libselinux.so.1
7f747cffd000-7f747cffe000 rw-p 00020000 08:04 1052926                    /lib/x86_64-linux-gnu/libselinux.so.1
7f747cffe000-7f747d000000 rw-p 00000000 00:00 0 
7f747d000000-7f747d003000 r-xp 00000000 08:04 2499469                    /usr/lib/x86_64-linux-gnu/libgmodule-2.0.so.0.4002.0
7f747d003000-7f747d202000 ---p 00003000 08:04 2499469                    /usr/lib/x86_64-linux-gnu/libgmodule-2.0.so.0.4002.0
7f747d202000-7f747d203000 r--p 00002000 08:04 2499469                    /usr/lib/x86_64-linux-gnu/libgmodule-2.0.so.0.4002.0
7f747d203000-7f747d204000 rw-p 00003000 08:04 2499469                    /usr/lib/x86_64-linux-gnu/libgmodule-2.0.so.0.4002.0
7f747d204000-7f747d30a000 r-xp 00000000 08:04 1052826                    /lib/x86_64-linux-gnu/libglib-2.0.so.0.4002.0
7f747d30a000-7f747d509000 ---p 00106000 08:04 1052826                    /lib/x86_64-linux-gnu/libglib-2.0.so.0.4002.0
7f747d509000-7f747d50a000 r--p 00105000 08:04 1052826                    /lib/x86_64-linux-gnu/libglib-2.0.so.0.4002.0
7f747d50a000-7f747d50b000 rw-p 00106000 08:04 1052826                    /lib/x86_64-linux-gnu/libglib-2.0.so.0.4002.0
7f747d50b000-7f747d50c000 rw-p 00000000 00:00 0 
7f747d50c000-7f747d55b000 r-xp 00000000 08:04 2499493                    /usr/lib/x86_64-linux-gnu/libgobject-2.0.so.0.4002.0
7f747d55b000-7f747d75b000 ---p 0004f000 08:04 2499493                    /usr/lib/x86_64-linux-gnu/libgobject-2.0.so.0.4002.0
7f747d75b000-7f747d75c000 r--p 0004f000 08:04 2499493                    /usr/lib/x86_64-linux-gnu/libgobject-2.0.so.0.4002.0
7f747d75c000-7f747d75d000 rw-p 00050000 08:04 2499493                    /usr/lib/x86_64-linux-gnu/libgobject-2.0.so.0.4002.0
7f747d75d000-7f747d8c9000 r-xp 00000000 08:04 2499453                    /usr/lib/x86_64-linux-gnu/libgio-2.0.so.0.4002.0
7f747d8c9000-7f747dac8000 ---p 0016c000 08:04 2499453                    /usr/lib/x86_64-linux-gnu/libgio-2.0.so.0.4002.0
7f747dac8000-7f747dacc000 r--p 0016b000 08:04 2499453                    /usr/lib/x86_64-linux-gnu/libgio-2.0.so.0.4002.0
7f747dacc000-7f747dace000 rw-p 0016f000 08:04 2499453                    /usr/lib/x86_64-linux-gnu/libgio-2.0.so.0.4002.0
7f747dace000-7f7480000000 rw-p 00000000 00:00 0 
7f7480000000-7f7480021000 rw-p 00000000 00:00 0 
7f7480021000-7f7484000000 ---p 00000000 00:00 0 
7f7484000000-7f7484021000 rw-p 00000000 00:00 0 
7f7484021000-7f7488000000 ---p 00000000 00:00 0 
7f7488000000-7f7488021000 rw-p 00000000 00:00 0 
7f7488021000-7f748c000000 ---p 00000000 00:00 0 
7f748c100000-7f748c117000 r-xp 00000000 08:04 2622011                    /usr/lib/jvm/java-7-openjdk-amd64/jre/lib/amd64/libnet.so
7f748c117000-7f748c316000 ---p 00017000 08:04 2622011                    /usr/lib/jvm/java-7-openjdk-amd64/jre/lib/amd64/libnet.so
7f748c316000-7f748c317000 r--p 00016000 08:04 2622011                    /usr/lib/jvm/java-7-openjdk-amd64/jre/lib/amd64/libnet.so
7f748c317000-7f748c318000 rw-p 00017000 08:04 2622011                    /usr/lib/jvm/java-7-openjdk-amd64/jre/lib/amd64/libnet.so
7f748c318000-7f748c328000 r-xp 00000000 08:04 2621994                    /usr/lib/jvm/java-7-openjdk-amd64/jre/lib/amd64/libnio.so
7f748c328000-7f748c528000 ---p 00010000 08:04 2621994                    /usr/lib/jvm/java-7-openjdk-amd64/jre/lib/amd64/libnio.so
7f748c528000-7f748c529000 r--p 00010000 08:04 2621994                    /usr/lib/jvm/java-7-openjdk-amd64/jre/lib/amd64/libnio.so
7f748c529000-7f748c52a000 rw-p 00011000 08:04 2621994                    /usr/lib/jvm/java-7-openjdk-amd64/jre/lib/amd64/libnio.so
7f748c52a000-7f748c52b000 ---p 00000000 00:00 0 
7f748c52b000-7f748c62b000 rw-p 00000000 00:00 0                          [stack:19448]
7f748c62b000-7f748c62e000 ---p 00000000 00:00 0 
7f748c62e000-7f748c72c000 rw-p 00000000 00:00 0                          [stack:19447]
7f748c72c000-7f748c72f000 ---p 00000000 00:00 0 
7f748c72f000-7f748c82d000 rw-p 00000000 00:00 0                          [stack:19446]
7f748c82d000-7f748c830000 ---p 00000000 00:00 0 
7f748c830000-7f748c92e000 rw-p 00000000 00:00 0                          [stack:19445]
7f748c92e000-7f748c931000 ---p 00000000 00:00 0 
7f748c931000-7f748ca2f000 rw-p 00000000 00:00 0                          [stack:19444]
7f748ca2f000-7f748ccfd000 r--p 00000000 08:04 2497497                    /usr/lib/locale/locale-archive
7f748ccfd000-7f748cd00000 ---p 00000000 00:00 0 
7f748cd00000-7f748cdfe000 rw-p 00000000 00:00 0                          [stack:19443]
7f748cdfe000-7f748ce01000 ---p 00000000 00:00 0 
7f748ce01000-7f748ceff000 rw-p 00000000 00:00 0                          [stack:19442]
7f748ceff000-7f748cf00000 ---p 00000000 00:00 0 
7f748cf00000-7f748d000000 rw-p 00000000 00:00 0                          [stack:19441]
7f748d000000-7f748d290000 rwxp 00000000 00:00 0 
7f748d290000-7f74902b6000 rw-p 00000000 00:00 0 
7f74902b6000-7f7494000000 ---p 00000000 00:00 0 
7f7494016000-7f749401d000 r--s 00000000 08:04 2895945                    /usr/lib/x86_64-linux-gnu/gconv/gconv-modules.cache
7f749401d000-7f7494043000 r--p 00000000 08:04 3031765                    /usr/share/locale-langpack/fr/LC_MESSAGES/libc.mo
7f7494043000-7f7495040000 rw-p 00000000 00:00 0 
7f7495040000-7f74951f1000 r--s 01d27000 08:04 2622651                    /usr/lib/jvm/java-7-openjdk-amd64/jre/lib/rt.jar
7f74951f1000-7f7495555000 rw-p 00000000 00:00 0 
7f7495555000-7f7495556000 ---p 00000000 00:00 0 
7f7495556000-7f7495656000 rw-p 00000000 00:00 0                          [stack:19440]
7f7495656000-7f7495657000 ---p 00000000 00:00 0 
7f7495657000-7f7495757000 rw-p 00000000 00:00 0                          [stack:19439]
7f7495757000-7f7495758000 ---p 00000000 00:00 0 
7f7495758000-7f7495858000 rw-p 00000000 00:00 0                          [stack:19438]
7f7495858000-7f7495859000 ---p 00000000 00:00 0 
7f7495859000-7f7495964000 rw-p 00000000 00:00 0                          [stack:19437]
7f7495964000-7f74959ac000 rw-p 00000000 00:00 0 
7f74959ac000-7f74959d6000 rw-p 00000000 00:00 0 
7f74959d6000-7f7495b02000 rw-p 00000000 00:00 0 
7f7495b02000-7f7495b0d000 rw-p 00000000 00:00 0 
7f7495b0d000-7f7495b55000 rw-p 00000000 00:00 0 
7f7495b55000-7f7495b7f000 rw-p 00000000 00:00 0 
7f7495b7f000-7f7495caa000 rw-p 00000000 00:00 0 
7f7495caa000-7f7495ccf000 rw-p 00000000 00:00 0 
7f7495ccf000-7f7495d55000 rw-p 00000000 00:00 0 
7f7495d55000-7f7495d56000 rw-p 00000000 00:00 0 
7f7495d56000-7f7495d5e000 r-xp 00000000 08:04 2621989                    /usr/lib/jvm/java-7-openjdk-amd64/jre/lib/amd64/libzip.so
7f7495d5e000-7f7495f5d000 ---p 00008000 08:04 2621989                    /usr/lib/jvm/java-7-openjdk-amd64/jre/lib/amd64/libzip.so
7f7495f5d000-7f7495f5e000 r--p 00007000 08:04 2621989                    /usr/lib/jvm/java-7-openjdk-amd64/jre/lib/amd64/libzip.so
7f7495f5e000-7f7495f5f000 rw-p 00008000 08:04 2621989                    /usr/lib/jvm/java-7-openjdk-amd64/jre/lib/amd64/libzip.so
7f7495f5f000-7f7495f6a000 r-xp 00000000 08:04 1053069                    /lib/x86_64-linux-gnu/libnss_files-2.19.so
7f7495f6a000-7f7496169000 ---p 0000b000 08:04 1053069                    /lib/x86_64-linux-gnu/libnss_files-2.19.so
7f7496169000-7f749616a000 r--p 0000a000 08:04 1053069                    /lib/x86_64-linux-gnu/libnss_files-2.19.so
7f749616a000-7f749616b000 rw-p 0000b000 08:04 1053069                    /lib/x86_64-linux-gnu/libnss_files-2.19.so
7f749616b000-7f7496176000 r-xp 00000000 08:04 1053089                    /lib/x86_64-linux-gnu/libnss_nis-2.19.so
7f7496176000-7f7496375000 ---p 0000b000 08:04 1053089                    /lib/x86_64-linux-gnu/libnss_nis-2.19.so
7f7496375000-7f7496376000 r--p 0000a000 08:04 1053089                    /lib/x86_64-linux-gnu/libnss_nis-2.19.so
7f7496376000-7f7496377000 rw-p 0000b000 08:04 1053089                    /lib/x86_64-linux-gnu/libnss_nis-2.19.so
7f7496377000-7f749638e000 r-xp 00000000 08:04 1053078                    /lib/x86_64-linux-gnu/libnsl-2.19.so
7f749638e000-7f749658d000 ---p 00017000 08:04 1053078                    /lib/x86_64-linux-gnu/libnsl-2.19.so
7f749658d000-7f749658e000 r--p 00016000 08:04 1053078                    /lib/x86_64-linux-gnu/libnsl-2.19.so
7f749658e000-7f749658f000 rw-p 00017000 08:04 1053078                    /lib/x86_64-linux-gnu/libnsl-2.19.so
7f749658f000-7f7496591000 rw-p 00000000 00:00 0 
7f7496591000-7f749659a000 r-xp 00000000 08:04 1053077                    /lib/x86_64-linux-gnu/libnss_compat-2.19.so
7f749659a000-7f7496799000 ---p 00009000 08:04 1053077                    /lib/x86_64-linux-gnu/libnss_compat-2.19.so
7f7496799000-7f749679a000 r--p 00008000 08:04 1053077                    /lib/x86_64-linux-gnu/libnss_compat-2.19.so
7f749679a000-7f749679b000 rw-p 00009000 08:04 1053077                    /lib/x86_64-linux-gnu/libnss_compat-2.19.so
7f749679b000-7f74967c6000 r-xp 00000000 08:04 2622010                    /usr/lib/jvm/java-7-openjdk-amd64/jre/lib/amd64/libjava.so
7f74967c6000-7f74969c6000 ---p 0002b000 08:04 2622010                    /usr/lib/jvm/java-7-openjdk-amd64/jre/lib/amd64/libjava.so
7f74969c6000-7f74969c7000 r--p 0002b000 08:04 2622010                    /usr/lib/jvm/java-7-openjdk-amd64/jre/lib/amd64/libjava.so
7f74969c7000-7f74969c9000 rw-p 0002c000 08:04 2622010                    /usr/lib/jvm/java-7-openjdk-amd64/jre/lib/amd64/libjava.so
7f74969c9000-7f74969d9000 r-xp 00000000 08:04 2622006                    /usr/lib/jvm/java-7-openjdk-amd64/jre/lib/amd64/libverify.so
7f74969d9000-7f7496bd8000 ---p 00010000 08:04 2622006                    /usr/lib/jvm/java-7-openjdk-amd64/jre/lib/amd64/libverify.so
7f7496bd8000-7f7496bda000 r--p 0000f000 08:04 2622006                    /usr/lib/jvm/java-7-openjdk-amd64/jre/lib/amd64/libverify.so
7f7496bda000-7f7496bdb000 rw-p 00011000 08:04 2622006                    /usr/lib/jvm/java-7-openjdk-amd64/jre/lib/amd64/libverify.so
7f7496bdb000-7f7496be2000 r-xp 00000000 08:04 1053086                    /lib/x86_64-linux-gnu/librt-2.19.so
7f7496be2000-7f7496de1000 ---p 00007000 08:04 1053086                    /lib/x86_64-linux-gnu/librt-2.19.so
7f7496de1000-7f7496de2000 r--p 00006000 08:04 1053086                    /lib/x86_64-linux-gnu/librt-2.19.so
7f7496de2000-7f7496de3000 rw-p 00007000 08:04 1053086                    /lib/x86_64-linux-gnu/librt-2.19.so
7f7496de3000-7f7496df9000 r-xp 00000000 08:04 1052822                    /lib/x86_64-linux-gnu/libgcc_s.so.1
7f7496df9000-7f7496ff8000 ---p 00016000 08:04 1052822                    /lib/x86_64-linux-gnu/libgcc_s.so.1
7f7496ff8000-7f7496ff9000 rw-p 00015000 08:04 1052822                    /lib/x86_64-linux-gnu/libgcc_s.so.1
7f7496ff9000-7f74970fe000 r-xp 00000000 08:04 1048602                    /lib/x86_64-linux-gnu/libm-2.19.so
7f74970fe000-7f74972fd000 ---p 00105000 08:04 1048602                    /lib/x86_64-linux-gnu/libm-2.19.so
7f74972fd000-7f74972fe000 r--p 00104000 08:04 1048602                    /lib/x86_64-linux-gnu/libm-2.19.so
7f74972fe000-7f74972ff000 rw-p 00105000 08:04 1048602                    /lib/x86_64-linux-gnu/libm-2.19.so
7f74972ff000-7f74973e5000 r-xp 00000000 08:04 2500048                    /usr/lib/x86_64-linux-gnu/libstdc++.so.6.0.19
7f74973e5000-7f74975e4000 ---p 000e6000 08:04 2500048                    /usr/lib/x86_64-linux-gnu/libstdc++.so.6.0.19
7f74975e4000-7f74975ec000 r--p 000e5000 08:04 2500048                    /usr/lib/x86_64-linux-gnu/libstdc++.so.6.0.19
7f74975ec000-7f74975ee000 rw-p 000ed000 08:04 2500048                    /usr/lib/x86_64-linux-gnu/libstdc++.so.6.0.19
7f74975ee000-7f7497603000 rw-p 00000000 00:00 0 
7f7497603000-7f749811b000 r-xp 00000000 08:04 2622015                    /usr/lib/jvm/java-7-openjdk-amd64/jre/lib/amd64/server/libjvm.so
7f749811b000-7f749831b000 ---p 00b18000 08:04 2622015                    /usr/lib/jvm/java-7-openjdk-amd64/jre/lib/amd64/server/libjvm.so
7f749831b000-7f74983b5000 r--p 00b18000 08:04 2622015                    /usr/lib/jvm/java-7-openjdk-amd64/jre/lib/amd64/server/libjvm.so
7f74983b5000-7f74983d8000 rw-p 00bb2000 08:04 2622015                    /usr/lib/jvm/java-7-openjdk-amd64/jre/lib/amd64/server/libjvm.so
7f74983d8000-7f7498406000 rw-p 00000000 00:00 0 
7f7498406000-7f749841e000 r-xp 00000000 08:04 1052959                    /lib/x86_64-linux-gnu/libz.so.1.2.8
7f749841e000-7f749861d000 ---p 00018000 08:04 1052959                    /lib/x86_64-linux-gnu/libz.so.1.2.8
7f749861d000-7f749861e000 r--p 00017000 08:04 1052959                    /lib/x86_64-linux-gnu/libz.so.1.2.8
7f749861e000-7f749861f000 rw-p 00018000 08:04 1052959                    /lib/x86_64-linux-gnu/libz.so.1.2.8
7f749861f000-7f7498638000 r-xp 00000000 08:04 1053084                    /lib/x86_64-linux-gnu/libpthread-2.19.so
7f7498638000-7f7498837000 ---p 00019000 08:04 1053084                    /lib/x86_64-linux-gnu/libpthread-2.19.so
7f7498837000-7f7498838000 r--p 00018000 08:04 1053084                    /lib/x86_64-linux-gnu/libpthread-2.19.so
7f7498838000-7f7498839000 rw-p 00019000 08:04 1053084                    /lib/x86_64-linux-gnu/libpthread-2.19.so
7f7498839000-7f749883d000 rw-p 00000000 00:00 0 
7f749883d000-7f7498840000 r-xp 00000000 08:04 1053072                    /lib/x86_64-linux-gnu/libdl-2.19.so
7f7498840000-7f7498a3f000 ---p 00003000 08:04 1053072                    /lib/x86_64-linux-gnu/libdl-2.19.so
7f7498a3f000-7f7498a40000 r--p 00002000 08:04 1053072                    /lib/x86_64-linux-gnu/libdl-2.19.so
7f7498a40000-7f7498a41000 rw-p 00003000 08:04 1053072                    /lib/x86_64-linux-gnu/libdl-2.19.so
7f7498a41000-7f7498bfc000 r-xp 00000000 08:04 1053083                    /lib/x86_64-linux-gnu/libc-2.19.so
7f7498bfc000-7f7498dfb000 ---p 001bb000 08:04 1053083                    /lib/x86_64-linux-gnu/libc-2.19.so
7f7498dfb000-7f7498dff000 r--p 001ba000 08:04 1053083                    /lib/x86_64-linux-gnu/libc-2.19.so
7f7498dff000-7f7498e01000 rw-p 001be000 08:04 1053083                    /lib/x86_64-linux-gnu/libc-2.19.so
7f7498e01000-7f7498e06000 rw-p 00000000 00:00 0 
7f7498e06000-7f7498e13000 r-xp 00000000 08:04 2621981                    /usr/lib/jvm/java-7-openjdk-amd64/jre/lib/amd64/jli/libjli.so
7f7498e13000-7f7499012000 ---p 0000d000 08:04 2621981                    /usr/lib/jvm/java-7-openjdk-amd64/jre/lib/amd64/jli/libjli.so
7f7499012000-7f7499013000 r--p 0000c000 08:04 2621981                    /usr/lib/jvm/java-7-openjdk-amd64/jre/lib/amd64/jli/libjli.so
7f7499013000-7f7499014000 rw-p 0000d000 08:04 2621981                    /usr/lib/jvm/java-7-openjdk-amd64/jre/lib/amd64/jli/libjli.so
7f7499014000-7f7499037000 r-xp 00000000 08:04 1053080                    /lib/x86_64-linux-gnu/ld-2.19.so
7f7499039000-7f749903e000 r--s 0004d000 08:04 2622673                    /usr/lib/jvm/java-7-openjdk-amd64/jre/lib/jsse.jar
7f749903e000-7f749904d000 r--s 000dd000 08:04 399553                     /home/fernando/android-sdk-linux/build-tools/21.1.2/lib/dx.jar
7f749904d000-7f7499058000 rw-p 00000000 00:00 0 
7f7499058000-7f749910d000 rw-p 00000000 00:00 0 
7f749910d000-7f7499110000 ---p 00000000 00:00 0 
7f7499110000-7f7499213000 rw-p 00000000 00:00 0                          [stack:19436]
7f7499216000-7f7499217000 rw-p 00000000 00:00 0 
7f7499217000-7f749921b000 r--s 00034000 08:04 2622659                    /usr/lib/jvm/java-7-openjdk-amd64/jre/lib/ext/sunjce_provider.jar
7f749921b000-7f749921f000 r--s 0003c000 08:04 2622657                    /usr/lib/jvm/java-7-openjdk-amd64/jre/lib/ext/sunpkcs11.jar
7f749921f000-7f7499220000 r--s 00002000 08:04 2622656                    /usr/lib/jvm/java-7-openjdk-amd64/jre/lib/ext/dnsns.jar
7f7499220000-7f7499223000 r--s 00086000 08:04 2622658                    /usr/lib/jvm/java-7-openjdk-amd64/jre/lib/ext/localedata.jar
7f7499223000-7f7499225000 r--s 00012000 08:04 2622660                    /usr/lib/jvm/java-7-openjdk-amd64/jre/lib/ext/zipfs.jar
7f7499225000-7f7499227000 r--s 00006000 08:04 2892644                    /usr/share/java/java-atk-wrapper.jar
7f7499227000-7f749922a000 r--s 0000f000 08:04 2622655                    /usr/lib/jvm/java-7-openjdk-amd64/jre/lib/ext/icedtea-sound.jar
7f749922a000-7f7499232000 rw-s 00000000 08:04 6034528                    /tmp/hsperfdata_fernando/19431
7f7499232000-7f7499233000 rw-p 00000000 00:00 0 
7f7499233000-7f7499234000 ---p 00000000 00:00 0 
7f7499234000-7f7499236000 rw-p 00000000 00:00 0 
7f7499236000-7f7499237000 r--p 00022000 08:04 1053080                    /lib/x86_64-linux-gnu/ld-2.19.so
7f7499237000-7f7499238000 rw-p 00023000 08:04 1053080                    /lib/x86_64-linux-gnu/ld-2.19.so
7f7499238000-7f7499239000 rw-p 00000000 00:00 0 
7ffc3f96d000-7ffc3f98f000 rw-p 00000000 00:00 0                          [stack]
7ffc3f99c000-7ffc3f99e000 r-xp 00000000 00:00 0                          [vdso]
ffffffffff600000-ffffffffff601000 r-xp 00000000 00:00 0                  [vsyscall]

VM Arguments:
jvm_args: -Xmx1024M -Dfile.encoding=UTF-8 -Duser.country=FR -Duser.language=fr -Duser.variant 
java_command: com.android.dx.command.Main --dex --output /home/fernando/M2GLAProject-Drone-Project/DroneApplication/app/build/intermediates/dex/debug /home/fernando/M2GLAProject-Drone-Project/DroneApplication/app/build/intermediates/classes/debug /home/fernando/M2GLAProject-Drone-Project/DroneApplication/app/build/intermediates/pre-dexed/debug/internal_impl-21.0.3-9fbc988cc0340515a0c0125db8685476312f1913.jar /home/fernando/M2GLAProject-Drone-Project/DroneApplication/app/build/intermediates/pre-dexed/debug/support-annotations-21.0.3-79b09a30a9657bcac46e9ad2b52f3f6524cf1648.jar /home/fernando/M2GLAProject-Drone-Project/DroneApplication/app/build/intermediates/pre-dexed/debug/classes-d6a9417ccbea995ce39b56a420d50a8fb02b85df.jar /home/fernando/M2GLAProject-Drone-Project/DroneApplication/app/build/intermediates/pre-dexed/debug/jackson-annotations-2.5.0-b9e1e89c708f4541672076e068afd71d2a25c395.jar /home/fernando/M2GLAProject-Drone-Project/DroneApplication/app/build/intermediates/pre-dexed/debug/classes-99d87678c1ab0f6ed188206cadd1c39c457e1ff2.jar /home/fernando/M2GLAProject-Drone-Project/DroneApplication/app/build/intermediates/pre-dexed/debug/classes-082414dac060403bab13571161ec96cdf70bfda3.jar /home/fernando/M2GLAProject-Drone-Project/DroneApplication/app/build/intermediates/pre-dexed/debug/spring-android-core-2.0.0.M1-97633ec9de8ebd6b703dd71e3d6a26b0ffc99061.jar /home/fernando/M2GLAProject-Drone-Project/DroneApplication/app/build/intermediates/pre-dexed/debug/spring-android-rest-template-2.0.0.M1-bb8e6dd908829604c8e8cc95e63f1e1dd3ce3465.jar /home/fernando/M2GLAProject-Drone-Project/DroneApplication/app/build/intermediates/pre-dexed/debug/internal_impl-21.0.3-c2ec34c1dbaa8386e84be2bcf99c344a054c180a.jar /home/fernando/M2GLAProject-Drone-Project/DroneApplication/app/build/intermediates/pre-dexed/debug/gson-2.3.1-125d84758b531485570f003a16581f6a4c3db09e.jar /home/fernando/M2GLAProject-Drone-Project/DroneApplication/app/build/intermediates/pre-dexed/debug/androidsvg-1.2.
Launcher Type: SUN_STANDARD

Environment Variables:
PATH=/usr/local/sbin:/usr/local/bin:/usr/sbin:/usr/bin:/sbin:/bin:/usr/games:/usr/local/games
USERNAME=fernando
LD_LIBRARY_PATH=/home/fernando/android-studio/bin:
SHELL=/bin/bash
DISPLAY=:0.0

Signal Handlers:
SIGSEGV: [libjvm.so+0x94b9a0], sa_mask[0]=0x7ffbfeff, sa_flags=0x10000004
SIGBUS: [libjvm.so+0x94b9a0], sa_mask[0]=0x7ffbfeff, sa_flags=0x10000004
SIGFPE: [libjvm.so+0x7c3880], sa_mask[0]=0x7ffbfeff, sa_flags=0x10000004
SIGPIPE: [libjvm.so+0x7c3880], sa_mask[0]=0x7ffbfeff, sa_flags=0x10000004
SIGXFSZ: [libjvm.so+0x7c3880], sa_mask[0]=0x7ffbfeff, sa_flags=0x10000004
SIGILL: [libjvm.so+0x7c3880], sa_mask[0]=0x7ffbfeff, sa_flags=0x10000004
SIGUSR1: SIG_DFL, sa_mask[0]=0x00000000, sa_flags=0x00000000
SIGUSR2: [libjvm.so+0x7c3720], sa_mask[0]=0x00000004, sa_flags=0x10000004
SIGHUP: [libjvm.so+0x7c3900], sa_mask[0]=0x7ffbfeff, sa_flags=0x10000004
SIGINT: [libjvm.so+0x7c3900], sa_mask[0]=0x7ffbfeff, sa_flags=0x10000004
SIGTERM: [libjvm.so+0x7c3900], sa_mask[0]=0x7ffbfeff, sa_flags=0x10000004
SIGQUIT: [libjvm.so+0x7c3900], sa_mask[0]=0x7ffbfeff, sa_flags=0x10000004
SIGTRAP: SIG_DFL, sa_mask[0]=0x00000000, sa_flags=0x00000000


---------------  S Y S T E M  ---------------

OS:LinuxMint 17.1 (rebecca)
uname:Linux 3.13.0-53-generic #89-Ubuntu SMP Wed May 20 10:34:39 UTC 2015 x86_64
libc:glibc 2.19 NPTL 2.19 
rlimit: STACK 8192k, CORE 0k, NPROC 63090, NOFILE 4096, AS infinity
load average:5,38 2,33 1,71

/proc/meminfo:
MemTotal:        8106708 kB
MemFree:          106740 kB
Buffers:             188 kB
Cached:           204860 kB
SwapCached:            0 kB
Active:          5859828 kB
Inactive:         203092 kB
Active(anon):    5859576 kB
Inactive(anon):   197312 kB
Active(file):        252 kB
Inactive(file):     5780 kB
Unevictable:         248 kB
Mlocked:             248 kB
SwapTotal:             0 kB
SwapFree:              0 kB
Dirty:                12 kB
Writeback:            12 kB
AnonPages:       5858388 kB
Mapped:           523988 kB
Shmem:            198748 kB
Slab:              79384 kB
SReclaimable:      30964 kB
SUnreclaim:        48420 kB
KernelStack:        5608 kB
PageTables:        49244 kB
NFS_Unstable:          0 kB
Bounce:                0 kB
WritebackTmp:          0 kB
CommitLimit:     4053352 kB
Committed_AS:   12648412 kB
VmallocTotal:   34359738367 kB
VmallocUsed:      315100 kB
VmallocChunk:   34359396564 kB
HardwareCorrupted:     0 kB
AnonHugePages:   2750464 kB
HugePages_Total:       0
HugePages_Free:        0
HugePages_Rsvd:        0
HugePages_Surp:        0
Hugepagesize:       2048 kB
DirectMap4k:     5408716 kB
DirectMap2M:     2910208 kB


CPU:total 4 (2 cores per cpu, 2 threads per core) family 6 model 58 stepping 9, cmov, cx8, fxsr, mmx, sse, sse2, sse3, ssse3, sse4.1, sse4.2, popcnt, avx, aes, erms, ht, tsc, tscinvbit, tscinv

/proc/cpuinfo:
processor	: 0
vendor_id	: GenuineIntel
cpu family	: 6
model		: 58
model name	: Intel(R) Core(TM) i7-3540M CPU @ 3.00GHz
stepping	: 9
microcode	: 0x16
cpu MHz		: 3001.000
cache size	: 4096 KB
physical id	: 0
siblings	: 4
core id		: 0
cpu cores	: 2
apicid		: 0
initial apicid	: 0
fpu		: yes
fpu_exception	: yes
cpuid level	: 13
wp		: yes
flags		: fpu vme de pse tsc msr pae mce cx8 apic sep mtrr pge mca cmov pat pse36 clflush dts acpi mmx fxsr sse sse2 ss ht tm pbe syscall nx rdtscp lm constant_tsc arch_perfmon pebs bts rep_good nopl xtopology nonstop_tsc aperfmperf eagerfpu pni pclmulqdq dtes64 monitor ds_cpl vmx smx est tm2 ssse3 cx16 xtpr pdcm pcid sse4_1 sse4_2 x2apic popcnt tsc_deadline_timer aes xsave avx f16c rdrand lahf_lm ida arat epb xsaveopt pln pts dtherm tpr_shadow vnmi flexpriority ept vpid fsgsbase smep erms
bogomips	: 5986.12
clflush size	: 64
cache_alignment	: 64
address sizes	: 36 bits physical, 48 bits virtual
power management:

processor	: 1
vendor_id	: GenuineIntel
cpu family	: 6
model		: 58
model name	: Intel(R) Core(TM) i7-3540M CPU @ 3.00GHz
stepping	: 9
microcode	: 0x16
cpu MHz		: 3001.000
cache size	: 4096 KB
physical id	: 0
siblings	: 4
core id		: 0
cpu cores	: 2
apicid		: 1
initial apicid	: 1
fpu		: yes
fpu_exception	: yes
cpuid level	: 13
wp		: yes
flags		: fpu vme de pse tsc msr pae mce cx8 apic sep mtrr pge mca cmov pat pse36 clflush dts acpi mmx fxsr sse sse2 ss ht tm pbe syscall nx rdtscp lm constant_tsc arch_perfmon pebs bts rep_good nopl xtopology nonstop_tsc aperfmperf eagerfpu pni pclmulqdq dtes64 monitor ds_cpl vmx smx est tm2 ssse3 cx16 xtpr pdcm pcid sse4_1 sse4_2 x2apic popcnt tsc_deadline_timer aes xsave avx f16c rdrand lahf_lm ida arat epb xsaveopt pln pts dtherm tpr_shadow vnmi flexpriority ept vpid fsgsbase smep erms
bogomips	: 5986.12
clflush size	: 64
cache_alignment	: 64
address sizes	: 36 bits physical, 48 bits virtual
power management:

processor	: 2
vendor_id	: GenuineIntel
cpu family	: 6
model		: 58
model name	: Intel(R) Core(TM) i7-3540M CPU @ 3.00GHz
stepping	: 9
microcode	: 0x16
cpu MHz		: 3001.000
cache size	: 4096 KB
physical id	: 0
siblings	: 4
core id		: 1
cpu cores	: 2
apicid		: 2
initial apicid	: 2
fpu		: yes
fpu_exception	: yes
cpuid level	: 13
wp		: yes
flags		: fpu vme de pse tsc msr pae mce cx8 apic sep mtrr pge mca cmov pat pse36 clflush dts acpi mmx fxsr sse sse2 ss ht tm pbe syscall nx rdtscp lm constant_tsc arch_perfmon pebs bts rep_good nopl xtopology nonstop_tsc aperfmperf eagerfpu pni pclmulqdq dtes64 monitor ds_cpl vmx smx est tm2 ssse3 cx16 xtpr pdcm pcid sse4_1 sse4_2 x2apic popcnt tsc_deadline_timer aes xsave avx f16c rdrand lahf_lm ida arat epb xsaveopt pln pts dtherm tpr_shadow vnmi flexpriority ept vpid fsgsbase smep erms
bogomips	: 5986.12
clflush size	: 64
cache_alignment	: 64
address sizes	: 36 bits physical, 48 bits virtual
power management:

processor	: 3
vendor_id	: GenuineIntel
cpu family	: 6
model		: 58
model name	: Intel(R) Core(TM) i7-3540M CPU @ 3.00GHz
stepping	: 9
microcode	: 0x16
cpu MHz		: 3001.000
cache size	: 4096 KB
physical id	: 0
siblings	: 4
core id		: 1
cpu cores	: 2
apicid		: 3
initial apicid	: 3
fpu		: yes
fpu_exception	: yes
cpuid level	: 13
wp		: yes
flags		: fpu vme de pse tsc msr pae mce cx8 apic sep mtrr pge mca cmov pat pse36 clflush dts acpi mmx fxsr sse sse2 ss ht tm pbe syscall nx rdtscp lm constant_tsc arch_perfmon pebs bts rep_good nopl xtopology nonstop_tsc aperfmperf eagerfpu pni pclmulqdq dtes64 monitor ds_cpl vmx smx est tm2 ssse3 cx16 xtpr pdcm pcid sse4_1 sse4_2 x2apic popcnt tsc_deadline_timer aes xsave avx f16c rdrand lahf_lm ida arat epb xsaveopt pln pts dtherm tpr_shadow vnmi flexpriority ept vpid fsgsbase smep erms
bogomips	: 5986.12
clflush size	: 64
cache_alignment	: 64
address sizes	: 36 bits physical, 48 bits virtual
power management:



Memory: 4k page, physical 8106708k(105532k free), swap 0k(0k free)

vm_info: OpenJDK 64-Bit Server VM (24.79-b02) for linux-amd64 JRE (1.7.0_79-b14), built on Apr 16 2015 08:21:58 by "buildd" with gcc 4.8.2

time: Thu May 28 14:05:13 2015
elapsed time: 12 seconds

