#
# There is insufficient memory for the Java Runtime Environment to continue.
# Native memory allocation (malloc) failed to allocate 83886080 bytes for committing reserved memory.
# Possible reasons:
#   The system is out of physical RAM or swap space
#   In 32 bit mode, the process size limit was hit
# Possible solutions:
#   Reduce memory load on the system
#   Increase physical memory or swap space
#   Check if swap backing store is full
#   Use 64 bit Java on a 64 bit OS
#   Decrease Java heap size (-Xmx/-Xms)
#   Decrease number of Java threads
#   Decrease Java thread stack sizes (-Xss)
#   Set larger code cache with -XX:ReservedCodeCacheSize=
# This output file may be truncated or incomplete.
#
#  Out of Memory Error (os_linux.cpp:2809), pid=19391, tid=139918939322112
#
# JRE version: OpenJDK Runtime Environment (7.0_79-b14) (build 1.7.0_79-b14)
# Java VM: OpenJDK 64-Bit Server VM (24.79-b02 mixed mode linux-amd64 compressed oops)
# Derivative: IcedTea 2.5.5
# Distribution: Ubuntu 14.04 LTS, package 7u79-2.5.5-0ubuntu0.14.04.2
# Failed to write core dump. Core dumps have been disabled. To enable core dumping, try "ulimit -c unlimited" before starting Java again
#

---------------  T H R E A D  ---------------

Current thread (0x00007f4170077000):  VMThread [stack: 0x00007f416a9cf000,0x00007f416aad0000] [id=19400]

Stack: [0x00007f416a9cf000,0x00007f416aad0000],  sp=0x00007f416aace490,  free space=1021k
Native frames: (J=compiled Java code, j=interpreted, Vv=VM code, C=native code)
V  [libjvm.so+0x94aec5]  VMError::report_and_die()+0x175
V  [libjvm.so+0x48b9c4]  report_vm_out_of_memory(char const*, int, unsigned long, char const*)+0x74
V  [libjvm.so+0x7c806b]  os::pd_commit_memory(char*, unsigned long, unsigned long, bool)+0xeb
V  [libjvm.so+0x7c2b0f]  os::commit_memory(char*, unsigned long, unsigned long, bool)+0x1f
V  [libjvm.so+0x83500b]  PSVirtualSpace::expand_by(unsigned long)+0x5b
V  [libjvm.so+0x835e60]  PSYoungGen::resize_generation(unsigned long, unsigned long)+0xb0
V  [libjvm.so+0x83654b]  PSYoungGen::resize(unsigned long, unsigned long)+0x1b
V  [libjvm.so+0x832830]  PSScavenge::invoke_no_policy()+0xde0
V  [libjvm.so+0x833008]  PSScavenge::invoke()+0x38
V  [libjvm.so+0x7e96f3]  ParallelScavengeHeap::failed_mem_allocate(unsigned long)+0x63
V  [libjvm.so+0x94c8c4]  VM_ParallelGCFailedAllocation::doit()+0x84
V  [libjvm.so+0x950dc7]  VM_Operation::evaluate()+0x47
V  [libjvm.so+0x94f738]  VMThread::evaluate_operation(VM_Operation*)+0x318
V  [libjvm.so+0x94fb99]  VMThread::loop()+0x219
V  [libjvm.so+0x94ffe2]  VMThread::run()+0x72
V  [libjvm.so+0x7c4f32]  java_start(Thread*)+0xf2

VM_Operation (0x00007f41792a4200): ParallelGCFailedAllocation, mode: safepoint, requested by thread 0x00007f417000b800


---------------  P R O C E S S  ---------------

Java Threads: ( => current thread )
  0x00007f41700b0000 JavaThread "Service Thread" daemon [_thread_blocked, id=19406, stack(0x00007f416a0fb000,0x00007f416a1fc000)]
  0x00007f41700ad800 JavaThread "C2 CompilerThread1" daemon [_thread_blocked, id=19405, stack(0x00007f416a1fc000,0x00007f416a2fd000)]
  0x00007f41700aa800 JavaThread "C2 CompilerThread0" daemon [_thread_blocked, id=19404, stack(0x00007f416a2fd000,0x00007f416a3fe000)]
  0x00007f41700a8800 JavaThread "Signal Dispatcher" daemon [_thread_blocked, id=19403, stack(0x00007f416a3fe000,0x00007f416a4ff000)]
  0x00007f417007d800 JavaThread "Finalizer" daemon [_thread_blocked, id=19402, stack(0x00007f416a7cd000,0x00007f416a8ce000)]
  0x00007f417007b800 JavaThread "Reference Handler" daemon [_thread_blocked, id=19401, stack(0x00007f416a8ce000,0x00007f416a9cf000)]
  0x00007f417000b800 JavaThread "main" [_thread_blocked, id=19395, stack(0x00007f41791a5000,0x00007f41792a6000)]

Other Threads:
=>0x00007f4170077000 VMThread [stack: 0x00007f416a9cf000,0x00007f416aad0000] [id=19400]
  0x00007f41700ba800 WatcherThread [stack: 0x00007f4169ffa000,0x00007f416a0fb000] [id=19407]

VM state:at safepoint (normal execution)

VM Mutex/Monitor currently owned by a thread:  ([mutex/lock_event])
[0x00007f4170007cf0] Threads_lock - owner thread: 0x00007f4170077000
[0x00007f41700081f0] Heap_lock - owner thread: 0x00007f417000b800

Heap
 PSYoungGen      total 69632K, used 5097K [0x00000000eaa80000, 0x00000000ef380000, 0x0000000100000000)
  eden space 64512K, 0% used [0x00000000eaa80000,0x00000000eaa80000,0x00000000ee980000)
  from space 5120K, 99% used [0x00000000ee980000,0x00000000eee7a530,0x00000000eee80000)
  to   space 5120K, 0% used [0x00000000eee80000,0x00000000eee80000,0x00000000ef380000)
 ParOldGen       total 84480K, used 22562K [0x00000000c0000000, 0x00000000c5280000, 0x00000000eaa80000)
  object space 84480K, 26% used [0x00000000c0000000,0x00000000c1608a70,0x00000000c5280000)
 PSPermGen       total 21504K, used 7611K [0x00000000b5a00000, 0x00000000b6f00000, 0x00000000c0000000)
  object space 21504K, 35% used [0x00000000b5a00000,0x00000000b616ec10,0x00000000b6f00000)

Card table byte_map: [0x00007f4175b9a000,0x00007f4175dee000] byte_map_base: 0x00007f41755ed000

Polling page: 0x00007f41792cb000

Code Cache  [0x00007f416d000000, 0x00007f416d2d0000, 0x00007f4170000000)
 total_blobs=1126 nmethods=875 adapters=204 free_code_cache=46374Kb largest_free_block=47426048

Compilation events (10 events):
Event: 4,695 Thread 0x00007f41700aa800 nmethod 888 0x00007f416d29be50 code [0x00007f416d29bf80, 0x00007f416d29bfd8]
Event: 4,695 Thread 0x00007f41700aa800  889             com.android.dex.Code::getDebugInfoOffset (5 bytes)
Event: 4,695 Thread 0x00007f41700aa800 nmethod 889 0x00007f416d29bc50 code [0x00007f416d29bd80, 0x00007f416d29bdd8]
Event: 4,695 Thread 0x00007f41700aa800  890             com.android.dex.Code::getInstructions (5 bytes)
Event: 4,695 Thread 0x00007f41700aa800 nmethod 890 0x00007f416d29ba50 code [0x00007f416d29bb80, 0x00007f416d29bbd8]
Event: 4,695 Thread 0x00007f41700aa800  891             com.android.dx.merge.InstructionTransformer$TypeVisitor::visit (63 bytes)
Event: 4,701 Thread 0x00007f41700aa800 nmethod 891 0x00007f416d2a07d0 code [0x00007f416d2a0960, 0x00007f416d2a0e18]
Event: 4,701 Thread 0x00007f41700aa800  892             com.android.dex.Leb128::writeSignedLeb128 (83 bytes)
Event: 4,704 Thread 0x00007f41700aa800 nmethod 892 0x00007f416d29b510 code [0x00007f416d29b660, 0x00007f416d29b7f8]
Event: 4,704 Thread 0x00007f41700aa800  893             com.android.dx.io.instructions.InstructionCodec$34::decode (314 bytes)

GC Heap History (9 events):
Event: 1,817 GC heap before
{Heap before GC invocations=1 (full 0):
 PSYoungGen      total 37376K, used 32256K [0x00000000eaa80000, 0x00000000ed400000, 0x0000000100000000)
  eden space 32256K, 100% used [0x00000000eaa80000,0x00000000eca00000,0x00000000eca00000)
  from space 5120K, 0% used [0x00000000ecf00000,0x00000000ecf00000,0x00000000ed400000)
  to   space 5120K, 0% used [0x00000000eca00000,0x00000000eca00000,0x00000000ecf00000)
 ParOldGen       total 84480K, used 0K [0x00000000c0000000, 0x00000000c5280000, 0x00000000eaa80000)
  object space 84480K, 0% used [0x00000000c0000000,0x00000000c0000000,0x00000000c5280000)
 PSPermGen       total 21504K, used 5228K [0x00000000b5a00000, 0x00000000b6f00000, 0x00000000c0000000)
  object space 21504K, 24% used [0x00000000b5a00000,0x00000000b5f1b0c0,0x00000000b6f00000)
Event: 1,826 GC heap after
Heap after GC invocations=1 (full 0):
 PSYoungGen      total 37376K, used 5099K [0x00000000eaa80000, 0x00000000ed400000, 0x0000000100000000)
  eden space 32256K, 0% used [0x00000000eaa80000,0x00000000eaa80000,0x00000000eca00000)
  from space 5120K, 99% used [0x00000000eca00000,0x00000000ecefac50,0x00000000ecf00000)
  to   space 5120K, 0% used [0x00000000ecf00000,0x00000000ecf00000,0x00000000ed400000)
 ParOldGen       total 84480K, used 879K [0x00000000c0000000, 0x00000000c5280000, 0x00000000eaa80000)
  object space 84480K, 1% used [0x00000000c0000000,0x00000000c00dbe78,0x00000000c5280000)
 PSPermGen       total 21504K, used 5228K [0x00000000b5a00000, 0x00000000b6f00000, 0x00000000c0000000)
  object space 21504K, 24% used [0x00000000b5a00000,0x00000000b5f1b0c0,0x00000000b6f00000)
}
Event: 2,456 GC heap before
{Heap before GC invocations=2 (full 0):
 PSYoungGen      total 37376K, used 37355K [0x00000000eaa80000, 0x00000000ed400000, 0x0000000100000000)
  eden space 32256K, 100% used [0x00000000eaa80000,0x00000000eca00000,0x00000000eca00000)
  from space 5120K, 99% used [0x00000000eca00000,0x00000000ecefac50,0x00000000ecf00000)
  to   space 5120K, 0% used [0x00000000ecf00000,0x00000000ecf00000,0x00000000ed400000)
 ParOldGen       total 84480K, used 879K [0x00000000c0000000, 0x00000000c5280000, 0x00000000eaa80000)
  object space 84480K, 1% used [0x00000000c0000000,0x00000000c00dbe78,0x00000000c5280000)
 PSPermGen       total 21504K, used 5352K [0x00000000b5a00000, 0x00000000b6f00000, 0x00000000c0000000)
  object space 21504K, 24% used [0x00000000b5a00000,0x00000000b5f3a340,0x00000000b6f00000)
Event: 2,475 GC heap after
Heap after GC invocations=2 (full 0):
 PSYoungGen      total 37376K, used 5104K [0x00000000eaa80000, 0x00000000ef380000, 0x0000000100000000)
  eden space 32256K, 0% used [0x00000000eaa80000,0x00000000eaa80000,0x00000000eca00000)
  from space 5120K, 99% used [0x00000000ecf00000,0x00000000ed3fc2f8,0x00000000ed400000)
  to   space 5120K, 0% used [0x00000000eca00000,0x00000000eca00000,0x00000000ecf00000)
 ParOldGen       total 84480K, used 4911K [0x00000000c0000000, 0x00000000c5280000, 0x00000000eaa80000)
  object space 84480K, 5% used [0x00000000c0000000,0x00000000c04cbdd8,0x00000000c5280000)
 PSPermGen       total 21504K, used 5352K [0x00000000b5a00000, 0x00000000b6f00000, 0x00000000c0000000)
  object space 21504K, 24% used [0x00000000b5a00000,0x00000000b5f3a340,0x00000000b6f00000)
}
Event: 2,959 GC heap before
{Heap before GC invocations=3 (full 0):
 PSYoungGen      total 37376K, used 37360K [0x00000000eaa80000, 0x00000000ef380000, 0x0000000100000000)
  eden space 32256K, 100% used [0x00000000eaa80000,0x00000000eca00000,0x00000000eca00000)
  from space 5120K, 99% used [0x00000000ecf00000,0x00000000ed3fc2f8,0x00000000ed400000)
  to   space 5120K, 0% used [0x00000000eca00000,0x00000000eca00000,0x00000000ecf00000)
 ParOldGen       total 84480K, used 4911K [0x00000000c0000000, 0x00000000c5280000, 0x00000000eaa80000)
  object space 84480K, 5% used [0x00000000c0000000,0x00000000c04cbdd8,0x00000000c5280000)
 PSPermGen       total 21504K, used 5828K [0x00000000b5a00000, 0x00000000b6f00000, 0x00000000c0000000)
  object space 21504K, 27% used [0x00000000b5a00000,0x00000000b5fb11c0,0x00000000b6f00000)
Event: 2,974 GC heap after
Heap after GC invocations=3 (full 0):
 PSYoungGen      total 37376K, used 5118K [0x00000000eaa80000, 0x00000000ef380000, 0x0000000100000000)
  eden space 32256K, 0% used [0x00000000eaa80000,0x00000000eaa80000,0x00000000eca00000)
  from space 5120K, 99% used [0x00000000eca00000,0x00000000eceff958,0x00000000ecf00000)
  to   space 5120K, 0% used [0x00000000eee80000,0x00000000eee80000,0x00000000ef380000)
 ParOldGen       total 84480K, used 10976K [0x00000000c0000000, 0x00000000c5280000, 0x00000000eaa80000)
  object space 84480K, 12% used [0x00000000c0000000,0x00000000c0ab80a0,0x00000000c5280000)
 PSPermGen       total 21504K, used 5828K [0x00000000b5a00000, 0x00000000b6f00000, 0x00000000c0000000)
  object space 21504K, 27% used [0x00000000b5a00000,0x00000000b5fb11c0,0x00000000b6f00000)
}
Event: 3,969 GC heap before
{Heap before GC invocations=4 (full 0):
 PSYoungGen      total 37376K, used 37374K [0x00000000eaa80000, 0x00000000ef380000, 0x0000000100000000)
  eden space 32256K, 100% used [0x00000000eaa80000,0x00000000eca00000,0x00000000eca00000)
  from space 5120K, 99% used [0x00000000eca00000,0x00000000eceff958,0x00000000ecf00000)
  to   space 5120K, 0% used [0x00000000eee80000,0x00000000eee80000,0x00000000ef380000)
 ParOldGen       total 84480K, used 10976K [0x00000000c0000000, 0x00000000c5280000, 0x00000000eaa80000)
  object space 84480K, 12% used [0x00000000c0000000,0x00000000c0ab80a0,0x00000000c5280000)
 PSPermGen       total 21504K, used 6917K [0x00000000b5a00000, 0x00000000b6f00000, 0x00000000c0000000)
  object space 21504K, 32% used [0x00000000b5a00000,0x00000000b60c1590,0x00000000b6f00000)
Event: 3,982 GC heap after
Heap after GC invocations=4 (full 0):
 PSYoungGen      total 69632K, used 5102K [0x00000000eaa80000, 0x00000000ef380000, 0x0000000100000000)
  eden space 64512K, 0% used [0x00000000eaa80000,0x00000000eaa80000,0x00000000ee980000)
  from space 5120K, 99% used [0x00000000eee80000,0x00000000ef37b9b8,0x00000000ef380000)
  to   space 5120K, 0% used [0x00000000ee980000,0x00000000ee980000,0x00000000eee80000)
 ParOldGen       total 84480K, used 18161K [0x00000000c0000000, 0x00000000c5280000, 0x00000000eaa80000)
  object space 84480K, 21% used [0x00000000c0000000,0x00000000c11bc648,0x00000000c5280000)
 PSPermGen       total 21504K, used 6917K [0x00000000b5a00000, 0x00000000b6f00000, 0x00000000c0000000)
  object space 21504K, 32% used [0x00000000b5a00000,0x00000000b60c1590,0x00000000b6f00000)
}
Event: 4,716 GC heap before
{Heap before GC invocations=5 (full 0):
 PSYoungGen      total 69632K, used 69614K [0x00000000eaa80000, 0x00000000ef380000, 0x0000000100000000)
  eden space 64512K, 100% used [0x00000000eaa80000,0x00000000ee980000,0x00000000ee980000)
  from space 5120K, 99% used [0x00000000eee80000,0x00000000ef37b9b8,0x00000000ef380000)
  to   space 5120K, 0% used [0x00000000ee980000,0x00000000ee980000,0x00000000eee80000)
 ParOldGen       total 84480K, used 18161K [0x00000000c0000000, 0x00000000c5280000, 0x00000000eaa80000)
  object space 84480K, 21% used [0x00000000c0000000,0x00000000c11bc648,0x00000000c5280000)
 PSPermGen       total 21504K, used 7611K [0x00000000b5a00000, 0x00000000b6f00000, 0x00000000c0000000)
  object space 21504K, 35% used [0x00000000b5a00000,0x00000000b616ec10,0x00000000b6f00000)

Deoptimization events (10 events):
Event: 3,951 Thread 0x00007f417000b800 Uncommon trap: reason=predicate action=maybe_recompile pc=0x00007f416d261c1c method=com.android.dex.Leb128.writeUnsignedLeb128(Lcom/android/dex/util/ByteOutput;I)V @ 9
Event: 4,077 Thread 0x00007f417000b800 Uncommon trap: reason=class_check action=maybe_recompile pc=0x00007f416d0d80bc method=java.util.HashMap.<init>(IF)V @ 115
Event: 4,077 Thread 0x00007f417000b800 Uncommon trap: reason=class_check action=maybe_recompile pc=0x00007f416d0eaf24 method=java.util.HashMap.<init>(IF)V @ 115
Event: 4,085 Thread 0x00007f417000b800 Uncommon trap: reason=class_check action=maybe_recompile pc=0x00007f416d0f2de8 method=java.util.ArrayList.<init>(Ljava/util/Collection;)V @ 6
Event: 4,090 Thread 0x00007f417000b800 Uncommon trap: reason=class_check action=maybe_recompile pc=0x00007f416d0d80bc method=java.util.HashMap.<init>(IF)V @ 115
Event: 4,090 Thread 0x00007f417000b800 Uncommon trap: reason=class_check action=maybe_recompile pc=0x00007f416d0f2de8 method=java.util.ArrayList.<init>(Ljava/util/Collection;)V @ 6
Event: 4,127 Thread 0x00007f417000b800 Uncommon trap: reason=predicate action=maybe_recompile pc=0x00007f416d264c38 method=com.android.dex.Leb128.readUnsignedLeb128(Lcom/android/dex/util/ByteInput;)I @ 41
Event: 4,198 Thread 0x00007f417000b800 Uncommon trap: reason=unreached action=reinterpret pc=0x00007f416d26f894 method=com.android.dx.merge.DexMerger$IdMerger.mergeSorted()V @ 261
Event: 4,329 Thread 0x00007f417000b800 Uncommon trap: reason=unreached action=reinterpret pc=0x00007f416d26e73c method=com.android.dx.merge.DexMerger$IdMerger.mergeSorted()V @ 261
Event: 4,551 Thread 0x00007f417000b800 Uncommon trap: reason=predicate action=maybe_recompile pc=0x00007f416d29ed70 method=java.util.ComparableTimSort.binarySort([Ljava/lang/Object;III)V @ 37

Internal exceptions (10 events):
Event: 3,985 Thread 0x00007f417000b800 Threw 0x00000000eaa8ccf0 at /build/buildd/openjdk-7-7u79-2.5.5/build/openjdk/hotspot/src/share/vm/prims/jvm.cpp:1284
Event: 3,989 Thread 0x00007f417000b800 Threw 0x00000000eaad4890 at /build/buildd/openjdk-7-7u79-2.5.5/build/openjdk/hotspot/src/share/vm/prims/jvm.cpp:1284
Event: 3,989 Thread 0x00007f417000b800 Threw 0x00000000eaad74e8 at /build/buildd/openjdk-7-7u79-2.5.5/build/openjdk/hotspot/src/share/vm/prims/jvm.cpp:1284
Event: 4,081 Thread 0x00007f417000b800 Threw 0x00000000eac68578 at /build/buildd/openjdk-7-7u79-2.5.5/build/openjdk/hotspot/src/share/vm/prims/jvm.cpp:1284
Event: 4,081 Thread 0x00007f417000b800 Threw 0x00000000eac686a0 at /build/buildd/openjdk-7-7u79-2.5.5/build/openjdk/hotspot/src/share/vm/prims/jvm.cpp:1284
Event: 4,081 Thread 0x00007f417000b800 Threw 0x00000000eac6ad50 at /build/buildd/openjdk-7-7u79-2.5.5/build/openjdk/hotspot/src/share/vm/prims/jvm.cpp:1284
Event: 4,081 Thread 0x00007f417000b800 Threw 0x00000000eac6ae78 at /build/buildd/openjdk-7-7u79-2.5.5/build/openjdk/hotspot/src/share/vm/prims/jvm.cpp:1284
Event: 4,081 Thread 0x00007f417000b800 Threw 0x00000000eac6b878 at /build/buildd/openjdk-7-7u79-2.5.5/build/openjdk/hotspot/src/share/vm/prims/jvm.cpp:1284
Event: 4,081 Thread 0x00007f417000b800 Threw 0x00000000eac6b9a0 at /build/buildd/openjdk-7-7u79-2.5.5/build/openjdk/hotspot/src/share/vm/prims/jvm.cpp:1284
Event: 4,365 Thread 0x00007f417000b800 Threw 0x00000000ebdbca30 at /build/buildd/openjdk-7-7u79-2.5.5/build/openjdk/hotspot/src/share/vm/prims/jvm.cpp:1284

Events (10 events):
Event: 4,329 Thread 0x00007f417000b800 DEOPT PACKING pc=0x00007f416d26e73c sp=0x00007f41792a4600
Event: 4,329 Thread 0x00007f417000b800 DEOPT UNPACKING pc=0x00007f416d039445 sp=0x00007f41792a45b8 mode 2
Event: 4,365 loading class 0x00007f4170268340
Event: 4,365 loading class 0x00007f4170268340 done
Event: 4,399 loading class 0x00007f4175338b90
Event: 4,400 loading class 0x00007f4175338b90 done
Event: 4,551 Thread 0x00007f417000b800 Uncommon trap: trap_request=0xffffff86 fr.pc=0x00007f416d29ed70
Event: 4,551 Thread 0x00007f417000b800 DEOPT PACKING pc=0x00007f416d29ed70 sp=0x00007f41792a4450
Event: 4,551 Thread 0x00007f417000b800 DEOPT UNPACKING pc=0x00007f416d039445 sp=0x00007f41792a4430 mode 2
Event: 4,716 Executing VM operation: ParallelGCFailedAllocation


Dynamic libraries:
00400000-00401000 r-xp 00000000 08:04 2621774                            /usr/lib/jvm/java-7-openjdk-amd64/jre/bin/java
00600000-00601000 r--p 00000000 08:04 2621774                            /usr/lib/jvm/java-7-openjdk-amd64/jre/bin/java
00601000-00602000 rw-p 00001000 08:04 2621774                            /usr/lib/jvm/java-7-openjdk-amd64/jre/bin/java
024d4000-024f5000 rw-p 00000000 00:00 0                                  [heap]
b5a00000-b6f00000 rw-p 00000000 00:00 0 
b6f00000-c0000000 rw-p 00000000 00:00 0 
c0000000-c5280000 rw-p 00000000 00:00 0 
c5280000-eaa80000 rw-p 00000000 00:00 0 
eaa80000-ef380000 rw-p 00000000 00:00 0 
f4380000-100000000 rw-p 00000000 00:00 0 
7f4134000000-7f4134021000 rw-p 00000000 00:00 0 
7f4134021000-7f4138000000 ---p 00000000 00:00 0 
7f413c000000-7f413cd24000 rw-p 00000000 00:00 0 
7f413cd24000-7f4140000000 ---p 00000000 00:00 0 
7f4140000000-7f4140021000 rw-p 00000000 00:00 0 
7f4140021000-7f4144000000 ---p 00000000 00:00 0 
7f4144000000-7f4144021000 rw-p 00000000 00:00 0 
7f4144021000-7f4148000000 ---p 00000000 00:00 0 
7f4148000000-7f4148c14000 rw-p 00000000 00:00 0 
7f4148c14000-7f414c000000 ---p 00000000 00:00 0 
7f414c000000-7f414c021000 rw-p 00000000 00:00 0 
7f414c021000-7f4150000000 ---p 00000000 00:00 0 
7f4150000000-7f4150021000 rw-p 00000000 00:00 0 
7f4150021000-7f4154000000 ---p 00000000 00:00 0 
7f4154000000-7f4154021000 rw-p 00000000 00:00 0 
7f4154021000-7f4158000000 ---p 00000000 00:00 0 
7f4158000000-7f41580e3000 rw-p 00000000 00:00 0 
7f41580e3000-7f415c000000 ---p 00000000 00:00 0 
7f415c000000-7f415c021000 rw-p 00000000 00:00 0 
7f415c021000-7f4160000000 ---p 00000000 00:00 0 
7f4160000000-7f4160021000 rw-p 00000000 00:00 0 
7f4160021000-7f4164000000 ---p 00000000 00:00 0 
7f4164000000-7f4164021000 rw-p 00000000 00:00 0 
7f4164021000-7f4168000000 ---p 00000000 00:00 0 
7f416871b000-7f416887c000 rw-p 00000000 00:00 0 
7f416887c000-7f41688b9000 r-xp 00000000 08:04 1052899                    /lib/x86_64-linux-gnu/libpcre.so.3.13.1
7f41688b9000-7f4168ab8000 ---p 0003d000 08:04 1052899                    /lib/x86_64-linux-gnu/libpcre.so.3.13.1
7f4168ab8000-7f4168ab9000 r--p 0003c000 08:04 1052899                    /lib/x86_64-linux-gnu/libpcre.so.3.13.1
7f4168ab9000-7f4168aba000 rw-p 0003d000 08:04 1052899                    /lib/x86_64-linux-gnu/libpcre.so.3.13.1
7f4168aba000-7f4168ac1000 r-xp 00000000 08:04 2499335                    /usr/lib/x86_64-linux-gnu/libffi.so.6.0.1
7f4168ac1000-7f4168cc0000 ---p 00007000 08:04 2499335                    /usr/lib/x86_64-linux-gnu/libffi.so.6.0.1
7f4168cc0000-7f4168cc1000 r--p 00006000 08:04 2499335                    /usr/lib/x86_64-linux-gnu/libffi.so.6.0.1
7f4168cc1000-7f4168cc2000 rw-p 00007000 08:04 2499335                    /usr/lib/x86_64-linux-gnu/libffi.so.6.0.1
7f4168cc2000-7f4168cd9000 r-xp 00000000 08:04 1048591                    /lib/x86_64-linux-gnu/libresolv-2.19.so
7f4168cd9000-7f4168ed9000 ---p 00017000 08:04 1048591                    /lib/x86_64-linux-gnu/libresolv-2.19.so
7f4168ed9000-7f4168eda000 r--p 00017000 08:04 1048591                    /lib/x86_64-linux-gnu/libresolv-2.19.so
7f4168eda000-7f4168edb000 rw-p 00018000 08:04 1048591                    /lib/x86_64-linux-gnu/libresolv-2.19.so
7f4168edb000-7f4168edd000 rw-p 00000000 00:00 0 
7f4168edd000-7f4168efd000 r-xp 00000000 08:04 1052926                    /lib/x86_64-linux-gnu/libselinux.so.1
7f4168efd000-7f41690fc000 ---p 00020000 08:04 1052926                    /lib/x86_64-linux-gnu/libselinux.so.1
7f41690fc000-7f41690fd000 r--p 0001f000 08:04 1052926                    /lib/x86_64-linux-gnu/libselinux.so.1
7f41690fd000-7f41690fe000 rw-p 00020000 08:04 1052926                    /lib/x86_64-linux-gnu/libselinux.so.1
7f41690fe000-7f4169100000 rw-p 00000000 00:00 0 
7f4169100000-7f4169103000 r-xp 00000000 08:04 2499469                    /usr/lib/x86_64-linux-gnu/libgmodule-2.0.so.0.4002.0
7f4169103000-7f4169302000 ---p 00003000 08:04 2499469                    /usr/lib/x86_64-linux-gnu/libgmodule-2.0.so.0.4002.0
7f4169302000-7f4169303000 r--p 00002000 08:04 2499469                    /usr/lib/x86_64-linux-gnu/libgmodule-2.0.so.0.4002.0
7f4169303000-7f4169304000 rw-p 00003000 08:04 2499469                    /usr/lib/x86_64-linux-gnu/libgmodule-2.0.so.0.4002.0
7f4169304000-7f416940a000 r-xp 00000000 08:04 1052826                    /lib/x86_64-linux-gnu/libglib-2.0.so.0.4002.0
7f416940a000-7f4169609000 ---p 00106000 08:04 1052826                    /lib/x86_64-linux-gnu/libglib-2.0.so.0.4002.0
7f4169609000-7f416960a000 r--p 00105000 08:04 1052826                    /lib/x86_64-linux-gnu/libglib-2.0.so.0.4002.0
7f416960a000-7f416960b000 rw-p 00106000 08:04 1052826                    /lib/x86_64-linux-gnu/libglib-2.0.so.0.4002.0
7f416960b000-7f416960c000 rw-p 00000000 00:00 0 
7f416960c000-7f416965b000 r-xp 00000000 08:04 2499493                    /usr/lib/x86_64-linux-gnu/libgobject-2.0.so.0.4002.0
7f416965b000-7f416985b000 ---p 0004f000 08:04 2499493                    /usr/lib/x86_64-linux-gnu/libgobject-2.0.so.0.4002.0
7f416985b000-7f416985c000 r--p 0004f000 08:04 2499493                    /usr/lib/x86_64-linux-gnu/libgobject-2.0.so.0.4002.0
7f416985c000-7f416985d000 rw-p 00050000 08:04 2499493                    /usr/lib/x86_64-linux-gnu/libgobject-2.0.so.0.4002.0
7f416985d000-7f41699c9000 r-xp 00000000 08:04 2499453                    /usr/lib/x86_64-linux-gnu/libgio-2.0.so.0.4002.0
7f41699c9000-7f4169bc8000 ---p 0016c000 08:04 2499453                    /usr/lib/x86_64-linux-gnu/libgio-2.0.so.0.4002.0
7f4169bc8000-7f4169bcc000 r--p 0016b000 08:04 2499453                    /usr/lib/x86_64-linux-gnu/libgio-2.0.so.0.4002.0
7f4169bcc000-7f4169bce000 rw-p 0016f000 08:04 2499453                    /usr/lib/x86_64-linux-gnu/libgio-2.0.so.0.4002.0
7f4169bce000-7f4169bd0000 rw-p 00000000 00:00 0 
7f4169bd0000-7f4169be7000 r-xp 00000000 08:04 2622011                    /usr/lib/jvm/java-7-openjdk-amd64/jre/lib/amd64/libnet.so
7f4169be7000-7f4169de6000 ---p 00017000 08:04 2622011                    /usr/lib/jvm/java-7-openjdk-amd64/jre/lib/amd64/libnet.so
7f4169de6000-7f4169de7000 r--p 00016000 08:04 2622011                    /usr/lib/jvm/java-7-openjdk-amd64/jre/lib/amd64/libnet.so
7f4169de7000-7f4169de8000 rw-p 00017000 08:04 2622011                    /usr/lib/jvm/java-7-openjdk-amd64/jre/lib/amd64/libnet.so
7f4169de8000-7f4169df8000 r-xp 00000000 08:04 2621994                    /usr/lib/jvm/java-7-openjdk-amd64/jre/lib/amd64/libnio.so
7f4169df8000-7f4169ff8000 ---p 00010000 08:04 2621994                    /usr/lib/jvm/java-7-openjdk-amd64/jre/lib/amd64/libnio.so
7f4169ff8000-7f4169ff9000 r--p 00010000 08:04 2621994                    /usr/lib/jvm/java-7-openjdk-amd64/jre/lib/amd64/libnio.so
7f4169ff9000-7f4169ffa000 rw-p 00011000 08:04 2621994                    /usr/lib/jvm/java-7-openjdk-amd64/jre/lib/amd64/libnio.so
7f4169ffa000-7f4169ffb000 ---p 00000000 00:00 0 
7f4169ffb000-7f416a0fb000 rw-p 00000000 00:00 0                          [stack:19407]
7f416a0fb000-7f416a0fe000 ---p 00000000 00:00 0 
7f416a0fe000-7f416a1fc000 rw-p 00000000 00:00 0                          [stack:19406]
7f416a1fc000-7f416a1ff000 ---p 00000000 00:00 0 
7f416a1ff000-7f416a2fd000 rw-p 00000000 00:00 0                          [stack:19405]
7f416a2fd000-7f416a300000 ---p 00000000 00:00 0 
7f416a300000-7f416a3fe000 rw-p 00000000 00:00 0                          [stack:19404]
7f416a3fe000-7f416a401000 ---p 00000000 00:00 0 
7f416a401000-7f416a4ff000 rw-p 00000000 00:00 0                          [stack:19403]
7f416a4ff000-7f416a7cd000 r--p 00000000 08:04 2497497                    /usr/lib/locale/locale-archive
7f416a7cd000-7f416a7d0000 ---p 00000000 00:00 0 
7f416a7d0000-7f416a8ce000 rw-p 00000000 00:00 0                          [stack:19402]
7f416a8ce000-7f416a8d1000 ---p 00000000 00:00 0 
7f416a8d1000-7f416a9cf000 rw-p 00000000 00:00 0                          [stack:19401]
7f416a9cf000-7f416a9d0000 ---p 00000000 00:00 0 
7f416a9d0000-7f416d000000 rw-p 00000000 00:00 0                          [stack:19400]
7f416d000000-7f416d2d0000 rwxp 00000000 00:00 0 
7f416d2d0000-7f4170296000 rw-p 00000000 00:00 0 
7f4170296000-7f4174000000 ---p 00000000 00:00 0 
7f41740ae000-7f41740b5000 r--s 00000000 08:04 2895945                    /usr/lib/x86_64-linux-gnu/gconv/gconv-modules.cache
7f41740b5000-7f41740db000 r--p 00000000 08:04 3031765                    /usr/share/locale-langpack/fr/LC_MESSAGES/libc.mo
7f41740db000-7f41750d8000 rw-p 00000000 00:00 0 
7f41750d8000-7f4175289000 r--s 01d27000 08:04 2622651                    /usr/lib/jvm/java-7-openjdk-amd64/jre/lib/rt.jar
7f4175289000-7f41755ed000 rw-p 00000000 00:00 0 
7f41755ed000-7f41755ee000 ---p 00000000 00:00 0 
7f41755ee000-7f41756ee000 rw-p 00000000 00:00 0                          [stack:19399]
7f41756ee000-7f41756ef000 ---p 00000000 00:00 0 
7f41756ef000-7f41757ef000 rw-p 00000000 00:00 0                          [stack:19398]
7f41757ef000-7f41757f0000 ---p 00000000 00:00 0 
7f41757f0000-7f41758f0000 rw-p 00000000 00:00 0                          [stack:19397]
7f41758f0000-7f41758f1000 ---p 00000000 00:00 0 
7f41758f1000-7f41759fc000 rw-p 00000000 00:00 0                          [stack:19396]
7f41759fc000-7f4175a44000 rw-p 00000000 00:00 0 
7f4175a44000-7f4175a6e000 rw-p 00000000 00:00 0 
7f4175a6e000-7f4175b9a000 rw-p 00000000 00:00 0 
7f4175b9a000-7f4175ba5000 rw-p 00000000 00:00 0 
7f4175ba5000-7f4175bed000 rw-p 00000000 00:00 0 
7f4175bed000-7f4175c17000 rw-p 00000000 00:00 0 
7f4175c17000-7f4175d42000 rw-p 00000000 00:00 0 
7f4175d42000-7f4175d67000 rw-p 00000000 00:00 0 
7f4175d67000-7f4175ded000 rw-p 00000000 00:00 0 
7f4175ded000-7f4175dee000 rw-p 00000000 00:00 0 
7f4175dee000-7f4175df6000 r-xp 00000000 08:04 2621989                    /usr/lib/jvm/java-7-openjdk-amd64/jre/lib/amd64/libzip.so
7f4175df6000-7f4175ff5000 ---p 00008000 08:04 2621989                    /usr/lib/jvm/java-7-openjdk-amd64/jre/lib/amd64/libzip.so
7f4175ff5000-7f4175ff6000 r--p 00007000 08:04 2621989                    /usr/lib/jvm/java-7-openjdk-amd64/jre/lib/amd64/libzip.so
7f4175ff6000-7f4175ff7000 rw-p 00008000 08:04 2621989                    /usr/lib/jvm/java-7-openjdk-amd64/jre/lib/amd64/libzip.so
7f4175ff7000-7f4176002000 r-xp 00000000 08:04 1053069                    /lib/x86_64-linux-gnu/libnss_files-2.19.so
7f4176002000-7f4176201000 ---p 0000b000 08:04 1053069                    /lib/x86_64-linux-gnu/libnss_files-2.19.so
7f4176201000-7f4176202000 r--p 0000a000 08:04 1053069                    /lib/x86_64-linux-gnu/libnss_files-2.19.so
7f4176202000-7f4176203000 rw-p 0000b000 08:04 1053069                    /lib/x86_64-linux-gnu/libnss_files-2.19.so
7f4176203000-7f417620e000 r-xp 00000000 08:04 1053089                    /lib/x86_64-linux-gnu/libnss_nis-2.19.so
7f417620e000-7f417640d000 ---p 0000b000 08:04 1053089                    /lib/x86_64-linux-gnu/libnss_nis-2.19.so
7f417640d000-7f417640e000 r--p 0000a000 08:04 1053089                    /lib/x86_64-linux-gnu/libnss_nis-2.19.so
7f417640e000-7f417640f000 rw-p 0000b000 08:04 1053089                    /lib/x86_64-linux-gnu/libnss_nis-2.19.so
7f417640f000-7f4176426000 r-xp 00000000 08:04 1053078                    /lib/x86_64-linux-gnu/libnsl-2.19.so
7f4176426000-7f4176625000 ---p 00017000 08:04 1053078                    /lib/x86_64-linux-gnu/libnsl-2.19.so
7f4176625000-7f4176626000 r--p 00016000 08:04 1053078                    /lib/x86_64-linux-gnu/libnsl-2.19.so
7f4176626000-7f4176627000 rw-p 00017000 08:04 1053078                    /lib/x86_64-linux-gnu/libnsl-2.19.so
7f4176627000-7f4176629000 rw-p 00000000 00:00 0 
7f4176629000-7f4176632000 r-xp 00000000 08:04 1053077                    /lib/x86_64-linux-gnu/libnss_compat-2.19.so
7f4176632000-7f4176831000 ---p 00009000 08:04 1053077                    /lib/x86_64-linux-gnu/libnss_compat-2.19.so
7f4176831000-7f4176832000 r--p 00008000 08:04 1053077                    /lib/x86_64-linux-gnu/libnss_compat-2.19.so
7f4176832000-7f4176833000 rw-p 00009000 08:04 1053077                    /lib/x86_64-linux-gnu/libnss_compat-2.19.so
7f4176833000-7f417685e000 r-xp 00000000 08:04 2622010                    /usr/lib/jvm/java-7-openjdk-amd64/jre/lib/amd64/libjava.so
7f417685e000-7f4176a5e000 ---p 0002b000 08:04 2622010                    /usr/lib/jvm/java-7-openjdk-amd64/jre/lib/amd64/libjava.so
7f4176a5e000-7f4176a5f000 r--p 0002b000 08:04 2622010                    /usr/lib/jvm/java-7-openjdk-amd64/jre/lib/amd64/libjava.so
7f4176a5f000-7f4176a61000 rw-p 0002c000 08:04 2622010                    /usr/lib/jvm/java-7-openjdk-amd64/jre/lib/amd64/libjava.so
7f4176a61000-7f4176a71000 r-xp 00000000 08:04 2622006                    /usr/lib/jvm/java-7-openjdk-amd64/jre/lib/amd64/libverify.so
7f4176a71000-7f4176c70000 ---p 00010000 08:04 2622006                    /usr/lib/jvm/java-7-openjdk-amd64/jre/lib/amd64/libverify.so
7f4176c70000-7f4176c72000 r--p 0000f000 08:04 2622006                    /usr/lib/jvm/java-7-openjdk-amd64/jre/lib/amd64/libverify.so
7f4176c72000-7f4176c73000 rw-p 00011000 08:04 2622006                    /usr/lib/jvm/java-7-openjdk-amd64/jre/lib/amd64/libverify.so
7f4176c73000-7f4176c7a000 r-xp 00000000 08:04 1053086                    /lib/x86_64-linux-gnu/librt-2.19.so
7f4176c7a000-7f4176e79000 ---p 00007000 08:04 1053086                    /lib/x86_64-linux-gnu/librt-2.19.so
7f4176e79000-7f4176e7a000 r--p 00006000 08:04 1053086                    /lib/x86_64-linux-gnu/librt-2.19.so
7f4176e7a000-7f4176e7b000 rw-p 00007000 08:04 1053086                    /lib/x86_64-linux-gnu/librt-2.19.so
7f4176e7b000-7f4176e91000 r-xp 00000000 08:04 1052822                    /lib/x86_64-linux-gnu/libgcc_s.so.1
7f4176e91000-7f4177090000 ---p 00016000 08:04 1052822                    /lib/x86_64-linux-gnu/libgcc_s.so.1
7f4177090000-7f4177091000 rw-p 00015000 08:04 1052822                    /lib/x86_64-linux-gnu/libgcc_s.so.1
7f4177091000-7f4177196000 r-xp 00000000 08:04 1048602                    /lib/x86_64-linux-gnu/libm-2.19.so
7f4177196000-7f4177395000 ---p 00105000 08:04 1048602                    /lib/x86_64-linux-gnu/libm-2.19.so
7f4177395000-7f4177396000 r--p 00104000 08:04 1048602                    /lib/x86_64-linux-gnu/libm-2.19.so
7f4177396000-7f4177397000 rw-p 00105000 08:04 1048602                    /lib/x86_64-linux-gnu/libm-2.19.so
7f4177397000-7f417747d000 r-xp 00000000 08:04 2500048                    /usr/lib/x86_64-linux-gnu/libstdc++.so.6.0.19
7f417747d000-7f417767c000 ---p 000e6000 08:04 2500048                    /usr/lib/x86_64-linux-gnu/libstdc++.so.6.0.19
7f417767c000-7f4177684000 r--p 000e5000 08:04 2500048                    /usr/lib/x86_64-linux-gnu/libstdc++.so.6.0.19
7f4177684000-7f4177686000 rw-p 000ed000 08:04 2500048                    /usr/lib/x86_64-linux-gnu/libstdc++.so.6.0.19
7f4177686000-7f417769b000 rw-p 00000000 00:00 0 
7f417769b000-7f41781b3000 r-xp 00000000 08:04 2622015                    /usr/lib/jvm/java-7-openjdk-amd64/jre/lib/amd64/server/libjvm.so
7f41781b3000-7f41783b3000 ---p 00b18000 08:04 2622015                    /usr/lib/jvm/java-7-openjdk-amd64/jre/lib/amd64/server/libjvm.so
7f41783b3000-7f417844d000 r--p 00b18000 08:04 2622015                    /usr/lib/jvm/java-7-openjdk-amd64/jre/lib/amd64/server/libjvm.so
7f417844d000-7f4178470000 rw-p 00bb2000 08:04 2622015                    /usr/lib/jvm/java-7-openjdk-amd64/jre/lib/amd64/server/libjvm.so
7f4178470000-7f417849e000 rw-p 00000000 00:00 0 
7f417849e000-7f41784b6000 r-xp 00000000 08:04 1052959                    /lib/x86_64-linux-gnu/libz.so.1.2.8
7f41784b6000-7f41786b5000 ---p 00018000 08:04 1052959                    /lib/x86_64-linux-gnu/libz.so.1.2.8
7f41786b5000-7f41786b6000 r--p 00017000 08:04 1052959                    /lib/x86_64-linux-gnu/libz.so.1.2.8
7f41786b6000-7f41786b7000 rw-p 00018000 08:04 1052959                    /lib/x86_64-linux-gnu/libz.so.1.2.8
7f41786b7000-7f41786d0000 r-xp 00000000 08:04 1053084                    /lib/x86_64-linux-gnu/libpthread-2.19.so
7f41786d0000-7f41788cf000 ---p 00019000 08:04 1053084                    /lib/x86_64-linux-gnu/libpthread-2.19.so
7f41788cf000-7f41788d0000 r--p 00018000 08:04 1053084                    /lib/x86_64-linux-gnu/libpthread-2.19.so
7f41788d0000-7f41788d1000 rw-p 00019000 08:04 1053084                    /lib/x86_64-linux-gnu/libpthread-2.19.so
7f41788d1000-7f41788d5000 rw-p 00000000 00:00 0 
7f41788d5000-7f41788d8000 r-xp 00000000 08:04 1053072                    /lib/x86_64-linux-gnu/libdl-2.19.so
7f41788d8000-7f4178ad7000 ---p 00003000 08:04 1053072                    /lib/x86_64-linux-gnu/libdl-2.19.so
7f4178ad7000-7f4178ad8000 r--p 00002000 08:04 1053072                    /lib/x86_64-linux-gnu/libdl-2.19.so
7f4178ad8000-7f4178ad9000 rw-p 00003000 08:04 1053072                    /lib/x86_64-linux-gnu/libdl-2.19.so
7f4178ad9000-7f4178c94000 r-xp 00000000 08:04 1053083                    /lib/x86_64-linux-gnu/libc-2.19.so
7f4178c94000-7f4178e93000 ---p 001bb000 08:04 1053083                    /lib/x86_64-linux-gnu/libc-2.19.so
7f4178e93000-7f4178e97000 r--p 001ba000 08:04 1053083                    /lib/x86_64-linux-gnu/libc-2.19.so
7f4178e97000-7f4178e99000 rw-p 001be000 08:04 1053083                    /lib/x86_64-linux-gnu/libc-2.19.so
7f4178e99000-7f4178e9e000 rw-p 00000000 00:00 0 
7f4178e9e000-7f4178eab000 r-xp 00000000 08:04 2621981                    /usr/lib/jvm/java-7-openjdk-amd64/jre/lib/amd64/jli/libjli.so
7f4178eab000-7f41790aa000 ---p 0000d000 08:04 2621981                    /usr/lib/jvm/java-7-openjdk-amd64/jre/lib/amd64/jli/libjli.so
7f41790aa000-7f41790ab000 r--p 0000c000 08:04 2621981                    /usr/lib/jvm/java-7-openjdk-amd64/jre/lib/amd64/jli/libjli.so
7f41790ab000-7f41790ac000 rw-p 0000d000 08:04 2621981                    /usr/lib/jvm/java-7-openjdk-amd64/jre/lib/amd64/jli/libjli.so
7f41790ac000-7f41790cf000 r-xp 00000000 08:04 1053080                    /lib/x86_64-linux-gnu/ld-2.19.so
7f41790d1000-7f41790d6000 r--s 0004d000 08:04 2622673                    /usr/lib/jvm/java-7-openjdk-amd64/jre/lib/jsse.jar
7f41790d6000-7f41790e5000 r--s 000dd000 08:04 399553                     /home/fernando/android-sdk-linux/build-tools/21.1.2/lib/dx.jar
7f41790e5000-7f41790f1000 rw-p 00000000 00:00 0 
7f41790f1000-7f41791a5000 rw-p 00000000 00:00 0 
7f41791a5000-7f41791a8000 ---p 00000000 00:00 0 
7f41791a8000-7f41792ab000 rw-p 00000000 00:00 0                          [stack:19395]
7f41792ae000-7f41792af000 rw-p 00000000 00:00 0 
7f41792af000-7f41792b3000 r--s 00034000 08:04 2622659                    /usr/lib/jvm/java-7-openjdk-amd64/jre/lib/ext/sunjce_provider.jar
7f41792b3000-7f41792b7000 r--s 0003c000 08:04 2622657                    /usr/lib/jvm/java-7-openjdk-amd64/jre/lib/ext/sunpkcs11.jar
7f41792b7000-7f41792b8000 r--s 00002000 08:04 2622656                    /usr/lib/jvm/java-7-openjdk-amd64/jre/lib/ext/dnsns.jar
7f41792b8000-7f41792bb000 r--s 00086000 08:04 2622658                    /usr/lib/jvm/java-7-openjdk-amd64/jre/lib/ext/localedata.jar
7f41792bb000-7f41792bd000 r--s 00012000 08:04 2622660                    /usr/lib/jvm/java-7-openjdk-amd64/jre/lib/ext/zipfs.jar
7f41792bd000-7f41792bf000 r--s 00006000 08:04 2892644                    /usr/share/java/java-atk-wrapper.jar
7f41792bf000-7f41792c2000 r--s 0000f000 08:04 2622655                    /usr/lib/jvm/java-7-openjdk-amd64/jre/lib/ext/icedtea-sound.jar
7f41792c2000-7f41792ca000 rw-s 00000000 08:04 6034528                    /tmp/hsperfdata_fernando/19391
7f41792ca000-7f41792cb000 rw-p 00000000 00:00 0 
7f41792cb000-7f41792cc000 ---p 00000000 00:00 0 
7f41792cc000-7f41792ce000 rw-p 00000000 00:00 0 
7f41792ce000-7f41792cf000 r--p 00022000 08:04 1053080                    /lib/x86_64-linux-gnu/ld-2.19.so
7f41792cf000-7f41792d0000 rw-p 00023000 08:04 1053080                    /lib/x86_64-linux-gnu/ld-2.19.so
7f41792d0000-7f41792d1000 rw-p 00000000 00:00 0 
7fff48f93000-7fff48fb5000 rw-p 00000000 00:00 0                          [stack]
7fff48fbf000-7fff48fc1000 r-xp 00000000 00:00 0                          [vdso]
ffffffffff600000-ffffffffff601000 r-xp 00000000 00:00 0                  [vsyscall]

VM Arguments:
jvm_args: -Xmx1024M -Dfile.encoding=UTF-8 -Duser.country=FR -Duser.language=fr -Duser.variant 
java_command: com.android.dx.command.Main --dex --output /home/fernando/M2GLAProject-Drone-Project/DroneApplication/app/build/intermediates/dex/debug /home/fernando/M2GLAProject-Drone-Project/DroneApplication/app/build/intermediates/classes/debug /home/fernando/M2GLAProject-Drone-Project/DroneApplication/app/build/intermediates/pre-dexed/debug/internal_impl-21.0.3-9fbc988cc0340515a0c0125db8685476312f1913.jar /home/fernando/M2GLAProject-Drone-Project/DroneApplication/app/build/intermediates/pre-dexed/debug/support-annotations-21.0.3-79b09a30a9657bcac46e9ad2b52f3f6524cf1648.jar /home/fernando/M2GLAProject-Drone-Project/DroneApplication/app/build/intermediates/pre-dexed/debug/classes-d6a9417ccbea995ce39b56a420d50a8fb02b85df.jar /home/fernando/M2GLAProject-Drone-Project/DroneApplication/app/build/intermediates/pre-dexed/debug/jackson-annotations-2.5.0-b9e1e89c708f4541672076e068afd71d2a25c395.jar /home/fernando/M2GLAProject-Drone-Project/DroneApplication/app/build/intermediates/pre-dexed/debug/classes-99d87678c1ab0f6ed188206cadd1c39c457e1ff2.jar /home/fernando/M2GLAProject-Drone-Project/DroneApplication/app/build/intermediates/pre-dexed/debug/classes-082414dac060403bab13571161ec96cdf70bfda3.jar /home/fernando/M2GLAProject-Drone-Project/DroneApplication/app/build/intermediates/pre-dexed/debug/spring-android-core-2.0.0.M1-97633ec9de8ebd6b703dd71e3d6a26b0ffc99061.jar /home/fernando/M2GLAProject-Drone-Project/DroneApplication/app/build/intermediates/pre-dexed/debug/spring-android-rest-template-2.0.0.M1-bb8e6dd908829604c8e8cc95e63f1e1dd3ce3465.jar /home/fernando/M2GLAProject-Drone-Project/DroneApplication/app/build/intermediates/pre-dexed/debug/internal_impl-21.0.3-c2ec34c1dbaa8386e84be2bcf99c344a054c180a.jar /home/fernando/M2GLAProject-Drone-Project/DroneApplication/app/build/intermediates/pre-dexed/debug/gson-2.3.1-125d84758b531485570f003a16581f6a4c3db09e.jar /home/fernando/M2GLAProject-Drone-Project/DroneApplication/app/build/intermediates/pre-dexed/debug/androidsvg-1.2.
Launcher Type: SUN_STANDARD

Environment Variables:
PATH=/usr/local/sbin:/usr/local/bin:/usr/sbin:/usr/bin:/sbin:/bin:/usr/games:/usr/local/games
USERNAME=fernando
LD_LIBRARY_PATH=/home/fernando/android-studio/bin:
SHELL=/bin/bash
DISPLAY=:0.0

Signal Handlers:
SIGSEGV: [libjvm.so+0x94b9a0], sa_mask[0]=0x7ffbfeff, sa_flags=0x10000004
SIGBUS: [libjvm.so+0x94b9a0], sa_mask[0]=0x7ffbfeff, sa_flags=0x10000004
SIGFPE: [libjvm.so+0x7c3880], sa_mask[0]=0x7ffbfeff, sa_flags=0x10000004
SIGPIPE: [libjvm.so+0x7c3880], sa_mask[0]=0x7ffbfeff, sa_flags=0x10000004
SIGXFSZ: [libjvm.so+0x7c3880], sa_mask[0]=0x7ffbfeff, sa_flags=0x10000004
SIGILL: [libjvm.so+0x7c3880], sa_mask[0]=0x7ffbfeff, sa_flags=0x10000004
SIGUSR1: SIG_DFL, sa_mask[0]=0x00000000, sa_flags=0x00000000
SIGUSR2: [libjvm.so+0x7c3720], sa_mask[0]=0x00000004, sa_flags=0x10000004
SIGHUP: [libjvm.so+0x7c3900], sa_mask[0]=0x7ffbfeff, sa_flags=0x10000004
SIGINT: [libjvm.so+0x7c3900], sa_mask[0]=0x7ffbfeff, sa_flags=0x10000004
SIGTERM: [libjvm.so+0x7c3900], sa_mask[0]=0x7ffbfeff, sa_flags=0x10000004
SIGQUIT: [libjvm.so+0x7c3900], sa_mask[0]=0x7ffbfeff, sa_flags=0x10000004
SIGTRAP: SIG_DFL, sa_mask[0]=0x00000000, sa_flags=0x00000000


---------------  S Y S T E M  ---------------

OS:LinuxMint 17.1 (rebecca)
uname:Linux 3.13.0-53-generic #89-Ubuntu SMP Wed May 20 10:34:39 UTC 2015 x86_64
libc:glibc 2.19 NPTL 2.19 
rlimit: STACK 8192k, CORE 0k, NPROC 63090, NOFILE 4096, AS infinity
load average:1,73 1,52 1,44

/proc/meminfo:
MemTotal:        8106708 kB
MemFree:          138524 kB
Buffers:             768 kB
Cached:           221636 kB
SwapCached:            0 kB
Active:          5840012 kB
Inactive:         210916 kB
Active(anon):    5830316 kB
Inactive(anon):   197276 kB
Active(file):       9696 kB
Inactive(file):    13640 kB
Unevictable:         248 kB
Mlocked:             248 kB
SwapTotal:             0 kB
SwapFree:              0 kB
Dirty:               172 kB
Writeback:             0 kB
AnonPages:       5829252 kB
Mapped:           539204 kB
Shmem:            198648 kB
Slab:              80068 kB
SReclaimable:      31752 kB
SUnreclaim:        48316 kB
KernelStack:        5648 kB
PageTables:        49372 kB
NFS_Unstable:          0 kB
Bounce:                0 kB
WritebackTmp:          0 kB
CommitLimit:     4053352 kB
Committed_AS:   12660580 kB
VmallocTotal:   34359738367 kB
VmallocUsed:      315100 kB
VmallocChunk:   34359396564 kB
HardwareCorrupted:     0 kB
AnonHugePages:   2750464 kB
HugePages_Total:       0
HugePages_Free:        0
HugePages_Rsvd:        0
HugePages_Surp:        0
Hugepagesize:       2048 kB
DirectMap4k:     5402572 kB
DirectMap2M:     2916352 kB


CPU:total 4 (2 cores per cpu, 2 threads per core) family 6 model 58 stepping 9, cmov, cx8, fxsr, mmx, sse, sse2, sse3, ssse3, sse4.1, sse4.2, popcnt, avx, aes, erms, ht, tsc, tscinvbit, tscinv

/proc/cpuinfo:
processor	: 0
vendor_id	: GenuineIntel
cpu family	: 6
model		: 58
model name	: Intel(R) Core(TM) i7-3540M CPU @ 3.00GHz
stepping	: 9
microcode	: 0x16
cpu MHz		: 3001.000
cache size	: 4096 KB
physical id	: 0
siblings	: 4
core id		: 0
cpu cores	: 2
apicid		: 0
initial apicid	: 0
fpu		: yes
fpu_exception	: yes
cpuid level	: 13
wp		: yes
flags		: fpu vme de pse tsc msr pae mce cx8 apic sep mtrr pge mca cmov pat pse36 clflush dts acpi mmx fxsr sse sse2 ss ht tm pbe syscall nx rdtscp lm constant_tsc arch_perfmon pebs bts rep_good nopl xtopology nonstop_tsc aperfmperf eagerfpu pni pclmulqdq dtes64 monitor ds_cpl vmx smx est tm2 ssse3 cx16 xtpr pdcm pcid sse4_1 sse4_2 x2apic popcnt tsc_deadline_timer aes xsave avx f16c rdrand lahf_lm ida arat epb xsaveopt pln pts dtherm tpr_shadow vnmi flexpriority ept vpid fsgsbase smep erms
bogomips	: 5986.12
clflush size	: 64
cache_alignment	: 64
address sizes	: 36 bits physical, 48 bits virtual
power management:

processor	: 1
vendor_id	: GenuineIntel
cpu family	: 6
model		: 58
model name	: Intel(R) Core(TM) i7-3540M CPU @ 3.00GHz
stepping	: 9
microcode	: 0x16
cpu MHz		: 3001.000
cache size	: 4096 KB
physical id	: 0
siblings	: 4
core id		: 0
cpu cores	: 2
apicid		: 1
initial apicid	: 1
fpu		: yes
fpu_exception	: yes
cpuid level	: 13
wp		: yes
flags		: fpu vme de pse tsc msr pae mce cx8 apic sep mtrr pge mca cmov pat pse36 clflush dts acpi mmx fxsr sse sse2 ss ht tm pbe syscall nx rdtscp lm constant_tsc arch_perfmon pebs bts rep_good nopl xtopology nonstop_tsc aperfmperf eagerfpu pni pclmulqdq dtes64 monitor ds_cpl vmx smx est tm2 ssse3 cx16 xtpr pdcm pcid sse4_1 sse4_2 x2apic popcnt tsc_deadline_timer aes xsave avx f16c rdrand lahf_lm ida arat epb xsaveopt pln pts dtherm tpr_shadow vnmi flexpriority ept vpid fsgsbase smep erms
bogomips	: 5986.12
clflush size	: 64
cache_alignment	: 64
address sizes	: 36 bits physical, 48 bits virtual
power management:

processor	: 2
vendor_id	: GenuineIntel
cpu family	: 6
model		: 58
model name	: Intel(R) Core(TM) i7-3540M CPU @ 3.00GHz
stepping	: 9
microcode	: 0x16
cpu MHz		: 3001.000
cache size	: 4096 KB
physical id	: 0
siblings	: 4
core id		: 1
cpu cores	: 2
apicid		: 2
initial apicid	: 2
fpu		: yes
fpu_exception	: yes
cpuid level	: 13
wp		: yes
flags		: fpu vme de pse tsc msr pae mce cx8 apic sep mtrr pge mca cmov pat pse36 clflush dts acpi mmx fxsr sse sse2 ss ht tm pbe syscall nx rdtscp lm constant_tsc arch_perfmon pebs bts rep_good nopl xtopology nonstop_tsc aperfmperf eagerfpu pni pclmulqdq dtes64 monitor ds_cpl vmx smx est tm2 ssse3 cx16 xtpr pdcm pcid sse4_1 sse4_2 x2apic popcnt tsc_deadline_timer aes xsave avx f16c rdrand lahf_lm ida arat epb xsaveopt pln pts dtherm tpr_shadow vnmi flexpriority ept vpid fsgsbase smep erms
bogomips	: 5986.12
clflush size	: 64
cache_alignment	: 64
address sizes	: 36 bits physical, 48 bits virtual
power management:

processor	: 3
vendor_id	: GenuineIntel
cpu family	: 6
model		: 58
model name	: Intel(R) Core(TM) i7-3540M CPU @ 3.00GHz
stepping	: 9
microcode	: 0x16
cpu MHz		: 3001.000
cache size	: 4096 KB
physical id	: 0
siblings	: 4
core id		: 1
cpu cores	: 2
apicid		: 3
initial apicid	: 3
fpu		: yes
fpu_exception	: yes
cpuid level	: 13
wp		: yes
flags		: fpu vme de pse tsc msr pae mce cx8 apic sep mtrr pge mca cmov pat pse36 clflush dts acpi mmx fxsr sse sse2 ss ht tm pbe syscall nx rdtscp lm constant_tsc arch_perfmon pebs bts rep_good nopl xtopology nonstop_tsc aperfmperf eagerfpu pni pclmulqdq dtes64 monitor ds_cpl vmx smx est tm2 ssse3 cx16 xtpr pdcm pcid sse4_1 sse4_2 x2apic popcnt tsc_deadline_timer aes xsave avx f16c rdrand lahf_lm ida arat epb xsaveopt pln pts dtherm tpr_shadow vnmi flexpriority ept vpid fsgsbase smep erms
bogomips	: 5986.12
clflush size	: 64
cache_alignment	: 64
address sizes	: 36 bits physical, 48 bits virtual
power management:



Memory: 4k page, physical 8106708k(138524k free), swap 0k(0k free)

vm_info: OpenJDK 64-Bit Server VM (24.79-b02) for linux-amd64 JRE (1.7.0_79-b14), built on Apr 16 2015 08:21:58 by "buildd" with gcc 4.8.2

time: Thu May 28 14:04:37 2015
elapsed time: 4 seconds

